<?xml version="1.0" encoding="UTF-8"?>
<testsuite xmlns:xsi="http://www.w3.org/2001/XMLSchema-instance" xsi:noNamespaceSchemaLocation="https://maven.apache.org/surefire/maven-surefire-plugin/xsd/surefire-test-report-3.0.xsd" version="3.0" name="com.ds.ezcontract.EzcontractApplicationTests" time="9.131" tests="1" errors="0" skipped="0" failures="0">
  <properties>
[...]
</properties>
  <testcase name="contextLoads" classname="com.ds.ezcontract.EzcontractApplicationTests" time="0.324">
    <system-out><![CDATA[16:44:55.920 [main] INFO org.springframework.test.context.support.AnnotationConfigContextLoaderUtils -- Could not detect default configuration classes for test class [com.ds.ezcontract.EzcontractApplicationTests]: EzcontractApplicationTests does not declare any static, non-private, non-final, nested classes annotated with @Configuration.
16:44:56.010 [main] INFO org.springframework.boot.test.context.SpringBootTestContextBootstrapper -- Found @SpringBootConfiguration com.ds.ezcontract.EzcontractApplication for test class com.ds.ezcontract.EzcontractApplicationTests
16:44:56.160 [main] INFO org.springframework.boot.devtools.restart.RestartApplicationListener -- Restart disabled due to context in which it is running

  .   ____          _            __ _ _
 /\\ / ___'_ __ _ _(_)_ __  __ _ \ \ \ \
( ( )\___ | '_ | '_| | '_ \/ _` | \ \ \ \
 \\/  ___)| |_)| | | | | || (_| |  ) ) ) )
  '  |____| .__|_| |_|_| |_\__, | / / / /
 =========|_|==============|___/=/_/_/_/

 :: Spring Boot ::                (v3.3.4)

2024-11-08T16:44:56.365-06:00  INFO 8028 --- [ezcontract] [           main] c.d.e.EzcontractApplicationTests         : Starting EzcontractApplicationTests using Java 17.0.10 with PID 8028 (started by Usuario in C:\Users\Usuario\Desktop\Quinto semestre\Administración de bases de datos\ezcontract-java\ezcontract)
2024-11-08T16:44:56.366-06:00  INFO 8028 --- [ezcontract] [           main] c.d.e.EzcontractApplicationTests         : No active profile set, falling back to 1 default profile: "default"
2024-11-08T16:44:56.366-06:00 DEBUG 8028 --- [ezcontract] [           main] o.s.boot.SpringApplication               : Loading source class com.ds.ezcontract.EzcontractApplication
2024-11-08T16:44:56.393-06:00 DEBUG 8028 --- [ezcontract] [           main] o.s.w.c.s.GenericWebApplicationContext   : Refreshing org.springframework.web.context.support.GenericWebApplicationContext@10b3df93
2024-11-08T16:44:56.409-06:00 DEBUG 8028 --- [ezcontract] [           main] o.s.b.f.s.DefaultListableBeanFactory     : Creating shared instance of singleton bean 'org.springframework.context.annotation.internalConfigurationAnnotationProcessor'
2024-11-08T16:44:56.419-06:00 DEBUG 8028 --- [ezcontract] [           main] o.s.b.f.s.DefaultListableBeanFactory     : Creating shared instance of singleton bean 'org.springframework.boot.autoconfigure.internalCachingMetadataReaderFactory'
2024-11-08T16:44:56.449-06:00 DEBUG 8028 --- [ezcontract] [           main] o.s.c.a.ClassPathBeanDefinitionScanner   : Identified candidate component class: file [C:\Users\Usuario\Desktop\Quinto semestre\Administración de bases de datos\ezcontract-java\ezcontract\target\classes\com\ds\ezcontract\config\AppConfig.class]
2024-11-08T16:44:56.459-06:00 DEBUG 8028 --- [ezcontract] [           main] o.s.c.a.ClassPathBeanDefinitionScanner   : Identified candidate component class: file [C:\Users\Usuario\Desktop\Quinto semestre\Administración de bases de datos\ezcontract-java\ezcontract\target\classes\com\ds\ezcontract\controllers\AuthController.class]
2024-11-08T16:44:56.461-06:00 DEBUG 8028 --- [ezcontract] [           main] o.s.c.a.ClassPathBeanDefinitionScanner   : Identified candidate component class: file [C:\Users\Usuario\Desktop\Quinto semestre\Administración de bases de datos\ezcontract-java\ezcontract\target\classes\com\ds\ezcontract\controllers\ClauseController.class]
2024-11-08T16:44:56.462-06:00 DEBUG 8028 --- [ezcontract] [           main] o.s.c.a.ClassPathBeanDefinitionScanner   : Identified candidate component class: file [C:\Users\Usuario\Desktop\Quinto semestre\Administración de bases de datos\ezcontract-java\ezcontract\target\classes\com\ds\ezcontract\controllers\ContractController.class]
2024-11-08T16:44:56.466-06:00 DEBUG 8028 --- [ezcontract] [           main] o.s.c.a.ClassPathBeanDefinitionScanner   : Identified candidate component class: file [C:\Users\Usuario\Desktop\Quinto semestre\Administración de bases de datos\ezcontract-java\ezcontract\target\classes\com\ds\ezcontract\exceptions\MyGlobalExceptionHandler.class]
2024-11-08T16:44:56.476-06:00 DEBUG 8028 --- [ezcontract] [           main] o.s.c.a.ClassPathBeanDefinitionScanner   : Ignored because not a concrete top-level class: file [C:\Users\Usuario\Desktop\Quinto semestre\Administración de bases de datos\ezcontract-java\ezcontract\target\classes\com\ds\ezcontract\repositories\ContractRepository.class]
2024-11-08T16:44:56.477-06:00 DEBUG 8028 --- [ezcontract] [           main] o.s.c.a.ClassPathBeanDefinitionScanner   : Ignored because not a concrete top-level class: file [C:\Users\Usuario\Desktop\Quinto semestre\Administración de bases de datos\ezcontract-java\ezcontract\target\classes\com\ds\ezcontract\repositories\UserRepository.class]
2024-11-08T16:44:56.478-06:00 DEBUG 8028 --- [ezcontract] [           main] o.s.c.a.ClassPathBeanDefinitionScanner   : Identified candidate component class: file [C:\Users\Usuario\Desktop\Quinto semestre\Administración de bases de datos\ezcontract-java\ezcontract\target\classes\com\ds\ezcontract\security\jwt\AuthEntryPointJwt.class]
2024-11-08T16:44:56.478-06:00 DEBUG 8028 --- [ezcontract] [           main] o.s.c.a.ClassPathBeanDefinitionScanner   : Identified candidate component class: file [C:\Users\Usuario\Desktop\Quinto semestre\Administración de bases de datos\ezcontract-java\ezcontract\target\classes\com\ds\ezcontract\security\jwt\AuthTokenFilter.class]
2024-11-08T16:44:56.479-06:00 DEBUG 8028 --- [ezcontract] [           main] o.s.c.a.ClassPathBeanDefinitionScanner   : Identified candidate component class: file [C:\Users\Usuario\Desktop\Quinto semestre\Administración de bases de datos\ezcontract-java\ezcontract\target\classes\com\ds\ezcontract\security\jwt\JwtUtils.class]
2024-11-08T16:44:56.482-06:00 DEBUG 8028 --- [ezcontract] [           main] o.s.c.a.ClassPathBeanDefinitionScanner   : Identified candidate component class: file [C:\Users\Usuario\Desktop\Quinto semestre\Administración de bases de datos\ezcontract-java\ezcontract\target\classes\com\ds\ezcontract\security\services\UserDetailsServiceImp.class]
2024-11-08T16:44:56.486-06:00 DEBUG 8028 --- [ezcontract] [           main] o.s.c.a.ClassPathBeanDefinitionScanner   : Identified candidate component class: file [C:\Users\Usuario\Desktop\Quinto semestre\Administración de bases de datos\ezcontract-java\ezcontract\target\classes\com\ds\ezcontract\security\WebSecurityConfig.class]
2024-11-08T16:44:56.487-06:00 DEBUG 8028 --- [ezcontract] [           main] o.s.c.a.ClassPathBeanDefinitionScanner   : Identified candidate component class: file [C:\Users\Usuario\Desktop\Quinto semestre\Administración de bases de datos\ezcontract-java\ezcontract\target\classes\com\ds\ezcontract\services\ClauseServiceJPA.class]
2024-11-08T16:44:56.488-06:00 DEBUG 8028 --- [ezcontract] [           main] o.s.c.a.ClassPathBeanDefinitionScanner   : Identified candidate component class: file [C:\Users\Usuario\Desktop\Quinto semestre\Administración de bases de datos\ezcontract-java\ezcontract\target\classes\com\ds\ezcontract\services\ContractServiceJPA.class]
2024-11-08T16:44:56.489-06:00 DEBUG 8028 --- [ezcontract] [           main] o.s.c.a.ClassPathBeanDefinitionScanner   : Identified candidate component class: file [C:\Users\Usuario\Desktop\Quinto semestre\Administración de bases de datos\ezcontract-java\ezcontract\target\classes\com\ds\ezcontract\util\AuthUtil.class]
2024-11-08T16:44:56.986-06:00  INFO 8028 --- [ezcontract] [           main] .s.d.r.c.RepositoryConfigurationDelegate : Bootstrapping Spring Data JPA repositories in DEFAULT mode.
2024-11-08T16:44:56.992-06:00 DEBUG 8028 --- [ezcontract] [           main] o.s.b.f.s.DefaultListableBeanFactory     : Creating shared instance of singleton bean 'org.springframework.boot.autoconfigure.AutoConfigurationPackages'
2024-11-08T16:44:56.999-06:00 DEBUG 8028 --- [ezcontract] [           main] o.s.b.a.AutoConfigurationPackages        : @EnableAutoConfiguration was declared on a class in the package 'com.ds.ezcontract'. Automatic @Repository and @Entity scanning is enabled.
2024-11-08T16:44:57.001-06:00 DEBUG 8028 --- [ezcontract] [           main] .s.d.r.c.RepositoryConfigurationDelegate : Scanning for JPA repositories in packages com.ds.ezcontract.
2024-11-08T16:44:57.013-06:00 DEBUG 8028 --- [ezcontract] [           main] o.s.d.r.c.RepositoryComponentProvider    : Identified candidate component class: file [C:\Users\Usuario\Desktop\Quinto semestre\Administración de bases de datos\ezcontract-java\ezcontract\target\classes\com\ds\ezcontract\repositories\ClauseRepository.class]
2024-11-08T16:44:57.013-06:00 DEBUG 8028 --- [ezcontract] [           main] o.s.d.r.c.RepositoryComponentProvider    : Identified candidate component class: file [C:\Users\Usuario\Desktop\Quinto semestre\Administración de bases de datos\ezcontract-java\ezcontract\target\classes\com\ds\ezcontract\repositories\ContractRepository.class]
2024-11-08T16:44:57.013-06:00 DEBUG 8028 --- [ezcontract] [           main] o.s.d.r.c.RepositoryComponentProvider    : Identified candidate component class: file [C:\Users\Usuario\Desktop\Quinto semestre\Administración de bases de datos\ezcontract-java\ezcontract\target\classes\com\ds\ezcontract\repositories\RoleRepository.class]
2024-11-08T16:44:57.013-06:00 DEBUG 8028 --- [ezcontract] [           main] o.s.d.r.c.RepositoryComponentProvider    : Identified candidate component class: file [C:\Users\Usuario\Desktop\Quinto semestre\Administración de bases de datos\ezcontract-java\ezcontract\target\classes\com\ds\ezcontract\repositories\UserRepository.class]
2024-11-08T16:44:57.039-06:00 DEBUG 8028 --- [ezcontract] [           main] ssPathScanningCandidateComponentProvider : Identified candidate component class: file [C:\Users\Usuario\Desktop\Quinto semestre\Administración de bases de datos\ezcontract-java\ezcontract\target\classes\com\ds\ezcontract\security\services\UserDetailsImpl.class]
2024-11-08T16:44:57.050-06:00  INFO 8028 --- [ezcontract] [           main] .s.d.r.c.RepositoryConfigurationDelegate : Finished Spring Data repository scanning in 48 ms. Found 4 JPA repository interfaces.
2024-11-08T16:44:57.131-06:00 DEBUG 8028 --- [ezcontract] [           main] o.s.b.f.s.DefaultListableBeanFactory     : Creating shared instance of singleton bean 'springSecurityHandlerMappingIntrospectorBeanDefinitionRegistryPostProcessor'
2024-11-08T16:44:57.216-06:00 DEBUG 8028 --- [ezcontract] [           main] o.s.b.f.s.DefaultListableBeanFactory     : Creating shared instance of singleton bean 'propertySourcesPlaceholderConfigurer'
2024-11-08T16:44:57.219-06:00 DEBUG 8028 --- [ezcontract] [           main] o.s.b.f.s.DefaultListableBeanFactory     : Creating shared instance of singleton bean 'org.springframework.boot.test.mock.mockito.MockitoPostProcessor'
2024-11-08T16:44:57.220-06:00 DEBUG 8028 --- [ezcontract] [           main] o.s.b.f.s.DefaultListableBeanFactory     : Creating shared instance of singleton bean 'emBeanDefinitionRegistrarPostProcessor'
2024-11-08T16:44:57.220-06:00 DEBUG 8028 --- [ezcontract] [           main] o.s.b.f.s.DefaultListableBeanFactory     : Creating shared instance of singleton bean 'org.springframework.boot.sql.init.dependency.DatabaseInitializationDependencyConfigurer$DependsOnDatabaseInitializationPostProcessor'
2024-11-08T16:44:57.265-06:00 DEBUG 8028 --- [ezcontract] [           main] o.s.b.f.s.DefaultListableBeanFactory     : Creating shared instance of singleton bean 'org.springframework.context.event.internalEventListenerProcessor'
2024-11-08T16:44:57.266-06:00 DEBUG 8028 --- [ezcontract] [           main] o.s.b.f.s.DefaultListableBeanFactory     : Creating shared instance of singleton bean 'conversionServicePostProcessor'
2024-11-08T16:44:57.273-06:00 DEBUG 8028 --- [ezcontract] [           main] o.s.b.f.s.DefaultListableBeanFactory     : Creating shared instance of singleton bean 'preserveErrorControllerTargetClassPostProcessor'
2024-11-08T16:44:57.274-06:00 DEBUG 8028 --- [ezcontract] [           main] o.s.b.f.s.DefaultListableBeanFactory     : Creating shared instance of singleton bean 'org.springframework.context.event.internalEventListenerFactory'
2024-11-08T16:44:57.274-06:00 DEBUG 8028 --- [ezcontract] [           main] o.s.b.f.s.DefaultListableBeanFactory     : Creating shared instance of singleton bean 'org.springframework.transaction.config.internalTransactionalEventListenerFactory'
2024-11-08T16:44:57.277-06:00 DEBUG 8028 --- [ezcontract] [           main] o.s.b.f.s.DefaultListableBeanFactory     : Creating shared instance of singleton bean 'org.springframework.boot.test.mock.mockito.MockitoPostProcessor$SpyPostProcessor'
2024-11-08T16:44:57.278-06:00 DEBUG 8028 --- [ezcontract] [           main] o.s.b.f.s.DefaultListableBeanFactory     : Creating shared instance of singleton bean 'org.springframework.context.annotation.internalAutowiredAnnotationProcessor'
2024-11-08T16:44:57.280-06:00 DEBUG 8028 --- [ezcontract] [           main] o.s.b.f.s.DefaultListableBeanFactory     : Creating shared instance of singleton bean 'org.springframework.context.annotation.internalCommonAnnotationProcessor'
2024-11-08T16:44:57.285-06:00 DEBUG 8028 --- [ezcontract] [           main] o.s.b.f.s.DefaultListableBeanFactory     : Creating shared instance of singleton bean 'org.springframework.context.annotation.internalPersistenceAnnotationProcessor'
2024-11-08T16:44:57.286-06:00 DEBUG 8028 --- [ezcontract] [           main] o.s.b.f.s.DefaultListableBeanFactory     : Creating shared instance of singleton bean 'org.springframework.boot.context.properties.ConfigurationPropertiesBindingPostProcessor'
2024-11-08T16:44:57.286-06:00 DEBUG 8028 --- [ezcontract] [           main] o.s.b.f.s.DefaultListableBeanFactory     : Creating shared instance of singleton bean 'org.springframework.boot.context.internalConfigurationPropertiesBinder'
2024-11-08T16:44:57.289-06:00 DEBUG 8028 --- [ezcontract] [           main] o.s.b.f.s.DefaultListableBeanFactory     : Creating shared instance of singleton bean 'jdbcConnectionDetailsHikariBeanPostProcessor'
2024-11-08T16:44:57.292-06:00 DEBUG 8028 --- [ezcontract] [           main] o.s.b.f.s.DefaultListableBeanFactory     : Creating shared instance of singleton bean 'methodValidationPostProcessor'
2024-11-08T16:44:57.310-06:00 DEBUG 8028 --- [ezcontract] [           main] o.s.b.f.s.DefaultListableBeanFactory     : Autowiring by type from bean name 'methodValidationPostProcessor' via factory method to bean named 'environment'
2024-11-08T16:44:57.312-06:00 DEBUG 8028 --- [ezcontract] [           main] o.s.b.f.s.DefaultListableBeanFactory     : Creating shared instance of singleton bean 'org.springframework.boot.context.properties.EnableConfigurationPropertiesRegistrar.methodValidationExcludeFilter'
2024-11-08T16:44:57.334-06:00 DEBUG 8028 --- [ezcontract] [           main] o.s.b.f.s.DefaultListableBeanFactory     : Creating shared instance of singleton bean 'org.springframework.aop.config.internalAutoProxyCreator'
2024-11-08T16:44:57.351-06:00 DEBUG 8028 --- [ezcontract] [           main] o.s.b.f.s.DefaultListableBeanFactory     : Creating shared instance of singleton bean 'persistenceExceptionTranslationPostProcessor'
2024-11-08T16:44:57.352-06:00 DEBUG 8028 --- [ezcontract] [           main] o.s.b.f.s.DefaultListableBeanFactory     : Autowiring by type from bean name 'persistenceExceptionTranslationPostProcessor' via factory method to bean named 'environment'
2024-11-08T16:44:57.353-06:00 DEBUG 8028 --- [ezcontract] [           main] o.s.b.f.s.DefaultListableBeanFactory     : Creating shared instance of singleton bean 'webServerFactoryCustomizerBeanPostProcessor'
2024-11-08T16:44:57.354-06:00 DEBUG 8028 --- [ezcontract] [           main] o.s.b.f.s.DefaultListableBeanFactory     : Creating shared instance of singleton bean 'errorPageRegistrarBeanPostProcessor'
2024-11-08T16:44:57.355-06:00 DEBUG 8028 --- [ezcontract] [           main] o.s.b.f.s.DefaultListableBeanFactory     : Creating shared instance of singleton bean 'projectingArgumentResolverBeanPostProcessor'
2024-11-08T16:44:57.356-06:00 DEBUG 8028 --- [ezcontract] [           main] o.s.b.f.s.DefaultListableBeanFactory     : Creating shared instance of singleton bean 'org.springframework.transaction.config.internalTransactionAdvisor'
2024-11-08T16:44:57.356-06:00 DEBUG 8028 --- [ezcontract] [           main] o.s.b.f.s.DefaultListableBeanFactory     : Creating shared instance of singleton bean 'org.springframework.transaction.annotation.ProxyTransactionManagementConfiguration'
2024-11-08T16:44:57.367-06:00 DEBUG 8028 --- [ezcontract] [           main] o.s.b.f.s.DefaultListableBeanFactory     : Creating shared instance of singleton bean 'transactionAttributeSource'
2024-11-08T16:44:57.368-06:00 DEBUG 8028 --- [ezcontract] [           main] o.s.b.f.s.DefaultListableBeanFactory     : Creating shared instance of singleton bean 'transactionInterceptor'
2024-11-08T16:44:57.369-06:00 DEBUG 8028 --- [ezcontract] [           main] o.s.b.f.s.DefaultListableBeanFactory     : Autowiring by type from bean name 'transactionInterceptor' via factory method to bean named 'transactionAttributeSource'
2024-11-08T16:44:57.376-06:00 DEBUG 8028 --- [ezcontract] [           main] o.s.b.f.s.DefaultListableBeanFactory     : Autowiring by type from bean name 'org.springframework.transaction.config.internalTransactionAdvisor' via factory method to bean named 'transactionAttributeSource'
2024-11-08T16:44:57.376-06:00 DEBUG 8028 --- [ezcontract] [           main] o.s.b.f.s.DefaultListableBeanFactory     : Autowiring by type from bean name 'org.springframework.transaction.config.internalTransactionAdvisor' via factory method to bean named 'transactionInterceptor'
2024-11-08T16:44:57.397-06:00 DEBUG 8028 --- [ezcontract] [           main] o.s.u.c.s.UiApplicationContextUtils      : Unable to locate ThemeSource with name 'themeSource': using default [org.springframework.ui.context.support.ResourceBundleThemeSource@7c369270]
2024-11-08T16:44:57.398-06:00 DEBUG 8028 --- [ezcontract] [           main] o.s.b.f.s.DefaultListableBeanFactory     : Creating shared instance of singleton bean 'dataSourceScriptDatabaseInitializer'
2024-11-08T16:44:57.398-06:00 DEBUG 8028 --- [ezcontract] [           main] o.s.b.f.s.DefaultListableBeanFactory     : Creating shared instance of singleton bean 'org.springframework.boot.autoconfigure.sql.init.DataSourceInitializationConfiguration'
2024-11-08T16:44:57.400-06:00 DEBUG 8028 --- [ezcontract] [           main] o.s.b.f.s.DefaultListableBeanFactory     : Creating shared instance of singleton bean 'dataSource'
2024-11-08T16:44:57.400-06:00 DEBUG 8028 --- [ezcontract] [           main] o.s.b.f.s.DefaultListableBeanFactory     : Creating shared instance of singleton bean 'org.springframework.boot.autoconfigure.jdbc.DataSourceConfiguration$Hikari'
2024-11-08T16:44:57.401-06:00 DEBUG 8028 --- [ezcontract] [           main] o.s.b.f.s.DefaultListableBeanFactory     : Creating shared instance of singleton bean 'spring.datasource-org.springframework.boot.autoconfigure.jdbc.DataSourceProperties'
2024-11-08T16:44:57.402-06:00 DEBUG 8028 --- [ezcontract] [           main] o.s.b.f.s.DefaultListableBeanFactory     : Creating shared instance of singleton bean 'org.springframework.boot.context.properties.BoundConfigurationProperties'
2024-11-08T16:44:57.420-06:00 DEBUG 8028 --- [ezcontract] [           main] o.s.b.f.s.DefaultListableBeanFactory     : Creating shared instance of singleton bean 'jdbcConnectionDetails'
2024-11-08T16:44:57.420-06:00 DEBUG 8028 --- [ezcontract] [           main] o.s.b.f.s.DefaultListableBeanFactory     : Creating shared instance of singleton bean 'org.springframework.boot.autoconfigure.jdbc.DataSourceAutoConfiguration$PooledDataSourceConfiguration'
2024-11-08T16:44:57.421-06:00 DEBUG 8028 --- [ezcontract] [           main] o.s.b.f.s.DefaultListableBeanFactory     : Autowiring by type from bean name 'jdbcConnectionDetails' via factory method to bean named 'spring.datasource-org.springframework.boot.autoconfigure.jdbc.DataSourceProperties'
2024-11-08T16:44:57.421-06:00 DEBUG 8028 --- [ezcontract] [           main] o.s.b.f.s.DefaultListableBeanFactory     : Autowiring by type from bean name 'dataSource' via factory method to bean named 'spring.datasource-org.springframework.boot.autoconfigure.jdbc.DataSourceProperties'
2024-11-08T16:44:57.422-06:00 DEBUG 8028 --- [ezcontract] [           main] o.s.b.f.s.DefaultListableBeanFactory     : Autowiring by type from bean name 'dataSource' via factory method to bean named 'jdbcConnectionDetails'
2024-11-08T16:44:57.441-06:00 DEBUG 8028 --- [ezcontract] [           main] o.s.b.f.s.DefaultListableBeanFactory     : Creating shared instance of singleton bean 'spring.sql.init-org.springframework.boot.autoconfigure.sql.init.SqlInitializationProperties'
2024-11-08T16:44:57.444-06:00 DEBUG 8028 --- [ezcontract] [           main] o.s.b.f.s.DefaultListableBeanFactory     : Autowiring by type from bean name 'dataSourceScriptDatabaseInitializer' via factory method to bean named 'dataSource'
2024-11-08T16:44:57.445-06:00 DEBUG 8028 --- [ezcontract] [           main] o.s.b.f.s.DefaultListableBeanFactory     : Autowiring by type from bean name 'dataSourceScriptDatabaseInitializer' via factory method to bean named 'spring.sql.init-org.springframework.boot.autoconfigure.sql.init.SqlInitializationProperties'
2024-11-08T16:44:57.448-06:00 DEBUG 8028 --- [ezcontract] [           main] o.s.b.f.s.DefaultListableBeanFactory     : Creating shared instance of singleton bean 'entityManagerFactory'
2024-11-08T16:44:57.449-06:00 DEBUG 8028 --- [ezcontract] [           main] o.s.b.f.s.DefaultListableBeanFactory     : Creating shared instance of singleton bean 'org.springframework.boot.autoconfigure.orm.jpa.HibernateJpaConfiguration'
2024-11-08T16:44:57.450-06:00 DEBUG 8028 --- [ezcontract] [           main] o.s.b.f.s.DefaultListableBeanFactory     : Creating shared instance of singleton bean 'spring.jpa-org.springframework.boot.autoconfigure.orm.jpa.JpaProperties'
2024-11-08T16:44:57.453-06:00 DEBUG 8028 --- [ezcontract] [           main] o.s.b.f.s.DefaultListableBeanFactory     : Creating shared instance of singleton bean 'spring.jpa.hibernate-org.springframework.boot.autoconfigure.orm.jpa.HibernateProperties'
2024-11-08T16:44:57.454-06:00 DEBUG 8028 --- [ezcontract] [           main] o.s.b.f.s.DefaultListableBeanFactory     : Autowiring by type from bean name 'org.springframework.boot.autoconfigure.orm.jpa.HibernateJpaConfiguration' via constructor to bean named 'dataSource'
2024-11-08T16:44:57.454-06:00 DEBUG 8028 --- [ezcontract] [           main] o.s.b.f.s.DefaultListableBeanFactory     : Autowiring by type from bean name 'org.springframework.boot.autoconfigure.orm.jpa.HibernateJpaConfiguration' via constructor to bean named 'spring.jpa-org.springframework.boot.autoconfigure.orm.jpa.JpaProperties'
2024-11-08T16:44:57.454-06:00 DEBUG 8028 --- [ezcontract] [           main] o.s.b.f.s.DefaultListableBeanFactory     : Autowiring by type from bean name 'org.springframework.boot.autoconfigure.orm.jpa.HibernateJpaConfiguration' via constructor to bean named 'org.springframework.beans.factory.support.DefaultListableBeanFactory@48b0e701'
2024-11-08T16:44:57.454-06:00 DEBUG 8028 --- [ezcontract] [           main] o.s.b.f.s.DefaultListableBeanFactory     : Autowiring by type from bean name 'org.springframework.boot.autoconfigure.orm.jpa.HibernateJpaConfiguration' via constructor to bean named 'spring.jpa.hibernate-org.springframework.boot.autoconfigure.orm.jpa.HibernateProperties'
2024-11-08T16:44:57.456-06:00 DEBUG 8028 --- [ezcontract] [           main] o.s.b.f.s.DefaultListableBeanFactory     : Creating shared instance of singleton bean 'hikariPoolDataSourceMetadataProvider'
2024-11-08T16:44:57.456-06:00 DEBUG 8028 --- [ezcontract] [           main] o.s.b.f.s.DefaultListableBeanFactory     : Creating shared instance of singleton bean 'org.springframework.boot.autoconfigure.jdbc.metadata.DataSourcePoolMetadataProvidersConfiguration$HikariPoolDataSourceMetadataProviderConfiguration'
2024-11-08T16:44:57.460-06:00 DEBUG 8028 --- [ezcontract] [           main] o.s.b.f.s.DefaultListableBeanFactory     : Creating shared instance of singleton bean 'entityManagerFactoryBuilder'
2024-11-08T16:44:57.461-06:00 DEBUG 8028 --- [ezcontract] [           main] o.s.b.f.s.DefaultListableBeanFactory     : Creating shared instance of singleton bean 'jpaVendorAdapter'
2024-11-08T16:44:57.471-06:00 DEBUG 8028 --- [ezcontract] [           main] o.s.b.f.s.DefaultListableBeanFactory     : Autowiring by type from bean name 'entityManagerFactoryBuilder' via factory method to bean named 'jpaVendorAdapter'
2024-11-08T16:44:57.474-06:00 DEBUG 8028 --- [ezcontract] [           main] o.s.b.f.s.DefaultListableBeanFactory     : Creating shared instance of singleton bean 'persistenceManagedTypes'
2024-11-08T16:44:57.476-06:00 DEBUG 8028 --- [ezcontract] [           main] o.s.b.f.s.DefaultListableBeanFactory     : Autowiring by type from bean name 'persistenceManagedTypes' via factory method to bean named 'org.springframework.beans.factory.support.DefaultListableBeanFactory@48b0e701'
2024-11-08T16:44:57.476-06:00 DEBUG 8028 --- [ezcontract] [           main] o.s.b.f.s.DefaultListableBeanFactory     : Autowiring by type from bean name 'persistenceManagedTypes' via factory method to bean named 'org.springframework.web.context.support.GenericWebApplicationContext@10b3df93'
2024-11-08T16:44:57.486-06:00 DEBUG 8028 --- [ezcontract] [           main] o.s.b.f.s.DefaultListableBeanFactory     : Autowiring by type from bean name 'entityManagerFactory' via factory method to bean named 'entityManagerFactoryBuilder'
2024-11-08T16:44:57.486-06:00 DEBUG 8028 --- [ezcontract] [           main] o.s.b.f.s.DefaultListableBeanFactory     : Autowiring by type from bean name 'entityManagerFactory' via factory method to bean named 'persistenceManagedTypes'
2024-11-08T16:44:57.503-06:00 DEBUG 8028 --- [ezcontract] [           main] j.LocalContainerEntityManagerFactoryBean : Building JPA container EntityManagerFactory for persistence unit 'default'
2024-11-08T16:44:57.522-06:00  INFO 8028 --- [ezcontract] [           main] o.hibernate.jpa.internal.util.LogHelper  : HHH000204: Processing PersistenceUnitInfo [name: default]
2024-11-08T16:44:57.594-06:00  INFO 8028 --- [ezcontract] [           main] org.hibernate.Version                    : HHH000412: Hibernate ORM core version 6.5.3.Final
2024-11-08T16:44:57.629-06:00  INFO 8028 --- [ezcontract] [           main] o.h.c.internal.RegionFactoryInitiator    : HHH000026: Second-level cache disabled
2024-11-08T16:44:57.964-06:00  INFO 8028 --- [ezcontract] [           main] o.s.o.j.p.SpringPersistenceUnitInfo      : No LoadTimeWeaver setup: ignoring JPA class transformer
2024-11-08T16:44:57.997-06:00  INFO 8028 --- [ezcontract] [           main] com.zaxxer.hikari.HikariDataSource       : HikariPool-1 - Starting...
2024-11-08T16:44:58.586-06:00  INFO 8028 --- [ezcontract] [           main] com.zaxxer.hikari.pool.HikariPool        : HikariPool-1 - Added connection org.mariadb.jdbc.Connection@5b665a30
2024-11-08T16:44:58.588-06:00  INFO 8028 --- [ezcontract] [           main] com.zaxxer.hikari.HikariDataSource       : HikariPool-1 - Start completed.
2024-11-08T16:44:59.663-06:00  INFO 8028 --- [ezcontract] [           main] o.h.e.t.j.p.i.JtaPlatformInitiator       : HHH000489: No JTA platform available (set 'hibernate.transaction.jta.platform' to enable JTA platform integration)
2024-11-08T16:45:01.638-06:00  INFO 8028 --- [ezcontract] [           main] j.LocalContainerEntityManagerFactoryBean : Initialized JPA EntityManagerFactory for persistence unit 'default'
2024-11-08T16:45:01.643-06:00 DEBUG 8028 --- [ezcontract] [           main] o.s.b.f.s.DefaultListableBeanFactory     : Creating shared instance of singleton bean 'ezcontractApplication'
2024-11-08T16:45:01.644-06:00 DEBUG 8028 --- [ezcontract] [           main] o.s.b.f.s.DefaultListableBeanFactory     : Creating shared instance of singleton bean 'appConfig'
2024-11-08T16:45:01.645-06:00 DEBUG 8028 --- [ezcontract] [           main] o.s.b.f.s.DefaultListableBeanFactory     : Creating shared instance of singleton bean 'authController'
2024-11-08T16:45:01.653-06:00 DEBUG 8028 --- [ezcontract] [           main] o.s.b.f.s.DefaultListableBeanFactory     : Creating shared instance of singleton bean 'userRepository'
2024-11-08T16:45:01.658-06:00 DEBUG 8028 --- [ezcontract] [           main] o.s.b.f.s.DefaultListableBeanFactory     : Creating shared instance of singleton bean 'jpa.named-queries#0'
2024-11-08T16:45:01.661-06:00 DEBUG 8028 --- [ezcontract] [           main] o.s.b.f.s.DefaultListableBeanFactory     : Creating shared instance of singleton bean 'jpa.UserRepository.fragments#0'
2024-11-08T16:45:01.665-06:00 DEBUG 8028 --- [ezcontract] [           main] o.s.b.f.s.DefaultListableBeanFactory     : Creating shared instance of singleton bean 'jpaSharedEM_entityManagerFactory'
2024-11-08T16:45:01.687-06:00 DEBUG 8028 --- [ezcontract] [           main] o.s.b.f.s.DefaultListableBeanFactory     : Creating shared instance of singleton bean 'jpaMappingContext'
2024-11-08T16:45:01.688-06:00 DEBUG 8028 --- [ezcontract] [           main] .c.JpaMetamodelMappingContextFactoryBean : Initializing JpaMetamodelMappingContext…
2024-11-08T16:45:01.700-06:00 DEBUG 8028 --- [ezcontract] [           main] .c.JpaMetamodelMappingContextFactoryBean : Finished initializing JpaMetamodelMappingContext
2024-11-08T16:45:01.725-06:00 DEBUG 8028 --- [ezcontract] [           main] tor$SharedEntityManagerInvocationHandler : Creating new EntityManager for shared EntityManager invocation
2024-11-08T16:45:01.756-06:00 DEBUG 8028 --- [ezcontract] [           main] tor$SharedEntityManagerInvocationHandler : Creating new EntityManager for shared EntityManager invocation
2024-11-08T16:45:01.810-06:00 DEBUG 8028 --- [ezcontract] [           main] o.s.d.r.c.s.RepositoryFactorySupport     : Initializing repository instance for com.ds.ezcontract.repositories.UserRepository…
2024-11-08T16:45:01.828-06:00 DEBUG 8028 --- [ezcontract] [           main] tor$SharedEntityManagerInvocationHandler : Creating new EntityManager for shared EntityManager invocation
2024-11-08T16:45:01.866-06:00 DEBUG 8028 --- [ezcontract] [           main] o.s.d.jpa.repository.query.NamedQuery    : Looking up named query User.findByEmail
2024-11-08T16:45:01.869-06:00 DEBUG 8028 --- [ezcontract] [           main] o.s.d.jpa.repository.query.NamedQuery    : Did not find named query User.findByEmail
2024-11-08T16:45:01.871-06:00 DEBUG 8028 --- [ezcontract] [           main] tor$SharedEntityManagerInvocationHandler : Creating new EntityManager for shared EntityManager invocation
2024-11-08T16:45:01.913-06:00 DEBUG 8028 --- [ezcontract] [           main] o.s.d.jpa.repository.query.NamedQuery    : Looking up named query User.existsByEmail
2024-11-08T16:45:01.914-06:00 DEBUG 8028 --- [ezcontract] [           main] o.s.d.jpa.repository.query.NamedQuery    : Did not find named query User.existsByEmail
2024-11-08T16:45:01.914-06:00 DEBUG 8028 --- [ezcontract] [           main] tor$SharedEntityManagerInvocationHandler : Creating new EntityManager for shared EntityManager invocation
2024-11-08T16:45:01.920-06:00 DEBUG 8028 --- [ezcontract] [           main] o.s.d.r.c.s.RepositoryFactorySupport     : Finished creation of repository instance for com.ds.ezcontract.repositories.UserRepository.
2024-11-08T16:45:01.923-06:00 DEBUG 8028 --- [ezcontract] [           main] o.s.b.f.s.DefaultListableBeanFactory     : Creating shared instance of singleton bean 'roleRepository'
2024-11-08T16:45:01.924-06:00 DEBUG 8028 --- [ezcontract] [           main] o.s.b.f.s.DefaultListableBeanFactory     : Creating shared instance of singleton bean 'jpa.named-queries#3'
2024-11-08T16:45:01.925-06:00 DEBUG 8028 --- [ezcontract] [           main] o.s.b.f.s.DefaultListableBeanFactory     : Creating shared instance of singleton bean 'jpa.RoleRepository.fragments#0'
2024-11-08T16:45:01.925-06:00 DEBUG 8028 --- [ezcontract] [           main] tor$SharedEntityManagerInvocationHandler : Creating new EntityManager for shared EntityManager invocation
2024-11-08T16:45:01.926-06:00 DEBUG 8028 --- [ezcontract] [           main] o.s.d.r.c.s.RepositoryFactorySupport     : Initializing repository instance for com.ds.ezcontract.repositories.RoleRepository…
2024-11-08T16:45:01.926-06:00 DEBUG 8028 --- [ezcontract] [           main] tor$SharedEntityManagerInvocationHandler : Creating new EntityManager for shared EntityManager invocation
2024-11-08T16:45:01.928-06:00 DEBUG 8028 --- [ezcontract] [           main] o.s.d.jpa.repository.query.NamedQuery    : Looking up named query Role.findByRoleName
2024-11-08T16:45:01.928-06:00 DEBUG 8028 --- [ezcontract] [           main] o.s.d.jpa.repository.query.NamedQuery    : Did not find named query Role.findByRoleName
2024-11-08T16:45:01.928-06:00 DEBUG 8028 --- [ezcontract] [           main] tor$SharedEntityManagerInvocationHandler : Creating new EntityManager for shared EntityManager invocation
2024-11-08T16:45:01.931-06:00 DEBUG 8028 --- [ezcontract] [           main] o.s.d.r.c.s.RepositoryFactorySupport     : Finished creation of repository instance for com.ds.ezcontract.repositories.RoleRepository.
2024-11-08T16:45:01.932-06:00 DEBUG 8028 --- [ezcontract] [           main] o.s.b.f.s.DefaultListableBeanFactory     : Creating shared instance of singleton bean 'passwordEncoder'
2024-11-08T16:45:01.932-06:00 DEBUG 8028 --- [ezcontract] [           main] o.s.b.f.s.DefaultListableBeanFactory     : Creating shared instance of singleton bean 'webSecurityConfig'
2024-11-08T16:45:01.933-06:00 DEBUG 8028 --- [ezcontract] [           main] o.s.b.f.s.DefaultListableBeanFactory     : Creating shared instance of singleton bean 'userDetailsServiceImp'
2024-11-08T16:45:01.951-06:00 DEBUG 8028 --- [ezcontract] [           main] o.s.b.f.s.DefaultListableBeanFactory     : Creating shared instance of singleton bean 'authEntryPointJwt'
2024-11-08T16:45:01.954-06:00 DEBUG 8028 --- [ezcontract] [           main] o.s.b.f.s.DefaultListableBeanFactory     : Creating shared instance of singleton bean 'jwtUtils'
2024-11-08T16:45:01.956-06:00 DEBUG 8028 --- [ezcontract] [           main] ySourcesPropertyResolver$DefaultResolver : Found key 'spring.app.jwtSecret' in PropertySource 'Config resource 'class path resource [application.properties]' via location 'optional:classpath:/'' with value of type String
2024-11-08T16:45:01.956-06:00 DEBUG 8028 --- [ezcontract] [           main] o.s.c.e.PropertySourcesPropertyResolver  : Found key 'spring.app.jwtSecret' in PropertySource 'environmentProperties' with value of type String
2024-11-08T16:45:01.956-06:00 DEBUG 8028 --- [ezcontract] [           main] ySourcesPropertyResolver$DefaultResolver : Found key 'spring.app.jwtExpirationMS' in PropertySource 'Config resource 'class path resource [application.properties]' via location 'optional:classpath:/'' with value of type String
2024-11-08T16:45:01.957-06:00 DEBUG 8028 --- [ezcontract] [           main] o.s.c.e.PropertySourcesPropertyResolver  : Found key 'spring.app.jwtExpirationMS' in PropertySource 'environmentProperties' with value of type String
2024-11-08T16:45:01.957-06:00 DEBUG 8028 --- [ezcontract] [           main] ySourcesPropertyResolver$DefaultResolver : Found key 'spring.app.jwtCookie' in PropertySource 'Config resource 'class path resource [application.properties]' via location 'optional:classpath:/'' with value of type String
2024-11-08T16:45:01.957-06:00 DEBUG 8028 --- [ezcontract] [           main] o.s.c.e.PropertySourcesPropertyResolver  : Found key 'spring.app.jwtCookie' in PropertySource 'environmentProperties' with value of type String
2024-11-08T16:45:01.958-06:00 DEBUG 8028 --- [ezcontract] [           main] o.s.b.f.s.DefaultListableBeanFactory     : Creating shared instance of singleton bean 'authenticationManager'
2024-11-08T16:45:01.958-06:00 DEBUG 8028 --- [ezcontract] [           main] o.s.b.f.s.DefaultListableBeanFactory     : Creating shared instance of singleton bean 'org.springframework.security.config.annotation.authentication.configuration.AuthenticationConfiguration'
2024-11-08T16:45:01.960-06:00 DEBUG 8028 --- [ezcontract] [           main] o.s.b.f.s.DefaultListableBeanFactory     : Creating shared instance of singleton bean 'enableGlobalAuthenticationAutowiredConfigurer'
2024-11-08T16:45:01.960-06:00 DEBUG 8028 --- [ezcontract] [           main] o.s.b.f.s.DefaultListableBeanFactory     : Autowiring by type from bean name 'enableGlobalAuthenticationAutowiredConfigurer' via factory method to bean named 'org.springframework.web.context.support.GenericWebApplicationContext@10b3df93'
2024-11-08T16:45:01.961-06:00 DEBUG 8028 --- [ezcontract] [           main] o.s.b.f.s.DefaultListableBeanFactory     : Creating shared instance of singleton bean 'initializeUserDetailsBeanManagerConfigurer'
2024-11-08T16:45:01.961-06:00 DEBUG 8028 --- [ezcontract] [           main] o.s.b.f.s.DefaultListableBeanFactory     : Autowiring by type from bean name 'initializeUserDetailsBeanManagerConfigurer' via factory method to bean named 'org.springframework.web.context.support.GenericWebApplicationContext@10b3df93'
2024-11-08T16:45:01.962-06:00 DEBUG 8028 --- [ezcontract] [           main] o.s.b.f.s.DefaultListableBeanFactory     : Creating shared instance of singleton bean 'initializeAuthenticationProviderBeanManagerConfigurer'
2024-11-08T16:45:01.962-06:00 DEBUG 8028 --- [ezcontract] [           main] o.s.b.f.s.DefaultListableBeanFactory     : Autowiring by type from bean name 'initializeAuthenticationProviderBeanManagerConfigurer' via factory method to bean named 'org.springframework.web.context.support.GenericWebApplicationContext@10b3df93'
2024-11-08T16:45:01.963-06:00 DEBUG 8028 --- [ezcontract] [           main] o.s.b.f.s.DefaultListableBeanFactory     : Creating shared instance of singleton bean 'objectPostProcessor'
2024-11-08T16:45:01.963-06:00 DEBUG 8028 --- [ezcontract] [           main] o.s.b.f.s.DefaultListableBeanFactory     : Creating shared instance of singleton bean 'org.springframework.security.config.annotation.configuration.ObjectPostProcessorConfiguration'
2024-11-08T16:45:01.964-06:00 DEBUG 8028 --- [ezcontract] [           main] o.s.b.f.s.DefaultListableBeanFactory     : Autowiring by type from bean name 'objectPostProcessor' via factory method to bean named 'org.springframework.beans.factory.support.DefaultListableBeanFactory@48b0e701'
2024-11-08T16:45:01.965-06:00 DEBUG 8028 --- [ezcontract] [           main] o.s.b.f.s.DefaultListableBeanFactory     : Autowiring by type from bean name 'authenticationManager' via factory method to bean named 'org.springframework.security.config.annotation.authentication.configuration.AuthenticationConfiguration'
2024-11-08T16:45:01.966-06:00 DEBUG 8028 --- [ezcontract] [           main] o.s.b.f.s.DefaultListableBeanFactory     : Creating shared instance of singleton bean 'authenticationManagerBuilder'
2024-11-08T16:45:01.966-06:00 DEBUG 8028 --- [ezcontract] [           main] o.s.b.f.s.DefaultListableBeanFactory     : Autowiring by type from bean name 'authenticationManagerBuilder' via factory method to bean named 'objectPostProcessor'
2024-11-08T16:45:01.966-06:00 DEBUG 8028 --- [ezcontract] [           main] o.s.b.f.s.DefaultListableBeanFactory     : Autowiring by type from bean name 'authenticationManagerBuilder' via factory method to bean named 'org.springframework.web.context.support.GenericWebApplicationContext@10b3df93'
2024-11-08T16:45:01.967-06:00 DEBUG 8028 --- [ezcontract] [           main] o.s.b.f.s.DefaultListableBeanFactory     : Creating shared instance of singleton bean 'authenticationEventPublisher'
2024-11-08T16:45:01.967-06:00 DEBUG 8028 --- [ezcontract] [           main] o.s.b.f.s.DefaultListableBeanFactory     : Creating shared instance of singleton bean 'org.springframework.boot.autoconfigure.security.servlet.SecurityAutoConfiguration'
2024-11-08T16:45:01.967-06:00 DEBUG 8028 --- [ezcontract] [           main] o.s.b.f.s.DefaultListableBeanFactory     : Autowiring by type from bean name 'authenticationEventPublisher' via factory method to bean named 'org.springframework.web.context.support.GenericWebApplicationContext@10b3df93'
2024-11-08T16:45:01.979-06:00 DEBUG 8028 --- [ezcontract] [           main] o.s.b.f.s.DefaultListableBeanFactory     : Creating shared instance of singleton bean 'authenticationProvider'
2024-11-08T16:45:02.000-06:00  INFO 8028 --- [ezcontract] [           main] eAuthenticationProviderManagerConfigurer : Global AuthenticationManager configured with AuthenticationProvider bean with name authenticationProvider
2024-11-08T16:45:02.001-06:00  WARN 8028 --- [ezcontract] [           main] r$InitializeUserDetailsManagerConfigurer : Global AuthenticationManager configured with an AuthenticationProvider bean. UserDetailsService beans will not be used for username/password login. Consider removing the AuthenticationProvider bean. Alternatively, consider using the UserDetailsService in a manually instantiated DaoAuthenticationProvider.
2024-11-08T16:45:02.003-06:00 DEBUG 8028 --- [ezcontract] [           main] o.s.b.f.s.DefaultListableBeanFactory     : Creating shared instance of singleton bean 'clauseController'
2024-11-08T16:45:02.005-06:00 DEBUG 8028 --- [ezcontract] [           main] o.s.b.f.s.DefaultListableBeanFactory     : Creating shared instance of singleton bean 'clauseServiceJPA'
2024-11-08T16:45:02.007-06:00 DEBUG 8028 --- [ezcontract] [           main] o.s.b.f.s.DefaultListableBeanFactory     : Creating shared instance of singleton bean 'clauseRepository'
2024-11-08T16:45:02.008-06:00 DEBUG 8028 --- [ezcontract] [           main] o.s.b.f.s.DefaultListableBeanFactory     : Creating shared instance of singleton bean 'jpa.named-queries#1'
2024-11-08T16:45:02.009-06:00 DEBUG 8028 --- [ezcontract] [           main] o.s.b.f.s.DefaultListableBeanFactory     : Creating shared instance of singleton bean 'jpa.ClauseRepository.fragments#0'
2024-11-08T16:45:02.010-06:00 DEBUG 8028 --- [ezcontract] [           main] tor$SharedEntityManagerInvocationHandler : Creating new EntityManager for shared EntityManager invocation
2024-11-08T16:45:02.010-06:00 DEBUG 8028 --- [ezcontract] [           main] o.s.d.r.c.s.RepositoryFactorySupport     : Initializing repository instance for com.ds.ezcontract.repositories.ClauseRepository…
2024-11-08T16:45:02.011-06:00 DEBUG 8028 --- [ezcontract] [           main] tor$SharedEntityManagerInvocationHandler : Creating new EntityManager for shared EntityManager invocation
2024-11-08T16:45:02.013-06:00 DEBUG 8028 --- [ezcontract] [           main] o.s.d.jpa.repository.query.NamedQuery    : Looking up named query Clause.findByTitle
2024-11-08T16:45:02.013-06:00 DEBUG 8028 --- [ezcontract] [           main] o.s.d.jpa.repository.query.NamedQuery    : Did not find named query Clause.findByTitle
2024-11-08T16:45:02.013-06:00 DEBUG 8028 --- [ezcontract] [           main] tor$SharedEntityManagerInvocationHandler : Creating new EntityManager for shared EntityManager invocation
2024-11-08T16:45:02.016-06:00 DEBUG 8028 --- [ezcontract] [           main] o.s.d.r.c.s.RepositoryFactorySupport     : Finished creation of repository instance for com.ds.ezcontract.repositories.ClauseRepository.
2024-11-08T16:45:02.017-06:00 DEBUG 8028 --- [ezcontract] [           main] o.s.b.f.s.DefaultListableBeanFactory     : Creating shared instance of singleton bean 'modelMapper'
2024-11-08T16:45:02.038-06:00 DEBUG 8028 --- [ezcontract] [           main] o.s.b.f.s.DefaultListableBeanFactory     : Creating shared instance of singleton bean 'contractController'
2024-11-08T16:45:02.041-06:00 DEBUG 8028 --- [ezcontract] [           main] o.s.b.f.s.DefaultListableBeanFactory     : Creating shared instance of singleton bean 'contractServiceJPA'
2024-11-08T16:45:02.044-06:00 DEBUG 8028 --- [ezcontract] [           main] o.s.b.f.s.DefaultListableBeanFactory     : Creating shared instance of singleton bean 'contractRepository'
2024-11-08T16:45:02.045-06:00 DEBUG 8028 --- [ezcontract] [           main] o.s.b.f.s.DefaultListableBeanFactory     : Creating shared instance of singleton bean 'jpa.named-queries#2'
2024-11-08T16:45:02.046-06:00 DEBUG 8028 --- [ezcontract] [           main] o.s.b.f.s.DefaultListableBeanFactory     : Creating shared instance of singleton bean 'jpa.ContractRepository.fragments#0'
2024-11-08T16:45:02.047-06:00 DEBUG 8028 --- [ezcontract] [           main] tor$SharedEntityManagerInvocationHandler : Creating new EntityManager for shared EntityManager invocation
2024-11-08T16:45:02.048-06:00 DEBUG 8028 --- [ezcontract] [           main] o.s.d.r.c.s.RepositoryFactorySupport     : Initializing repository instance for com.ds.ezcontract.repositories.ContractRepository…
2024-11-08T16:45:02.049-06:00 DEBUG 8028 --- [ezcontract] [           main] tor$SharedEntityManagerInvocationHandler : Creating new EntityManager for shared EntityManager invocation
2024-11-08T16:45:02.059-06:00  INFO 8028 --- [ezcontract] [           main] o.s.d.j.r.query.QueryEnhancerFactory     : Hibernate is in classpath; If applicable, HQL parser will be used.
2024-11-08T16:45:02.174-06:00 DEBUG 8028 --- [ezcontract] [           main] o.s.d.jpa.repository.query.NamedQuery    : Did not find named query Contract.findContractByEmail.count
2024-11-08T16:45:02.174-06:00 DEBUG 8028 --- [ezcontract] [           main] tor$SharedEntityManagerInvocationHandler : Creating new EntityManager for shared EntityManager invocation
2024-11-08T16:45:02.326-06:00 DEBUG 8028 --- [ezcontract] [           main] o.s.d.r.c.s.RepositoryFactorySupport     : Finished creation of repository instance for com.ds.ezcontract.repositories.ContractRepository.
2024-11-08T16:45:02.327-06:00 DEBUG 8028 --- [ezcontract] [           main] o.s.b.f.s.DefaultListableBeanFactory     : Creating shared instance of singleton bean 'authUtil'
2024-11-08T16:45:02.332-06:00 DEBUG 8028 --- [ezcontract] [           main] o.s.b.f.s.DefaultListableBeanFactory     : Creating shared instance of singleton bean 'myGlobalExceptionHandler'
2024-11-08T16:45:02.334-06:00 DEBUG 8028 --- [ezcontract] [           main] o.s.b.f.s.DefaultListableBeanFactory     : Creating shared instance of singleton bean 'authTokenFilter'
2024-11-08T16:45:02.336-06:00 DEBUG 8028 --- [ezcontract] [           main] o.s.b.f.s.DefaultListableBeanFactory     : Creating shared instance of singleton bean 'org.springframework.security.config.annotation.web.configuration.WebSecurityConfiguration'
2024-11-08T16:45:02.337-06:00 DEBUG 8028 --- [ezcontract] [           main] o.s.b.f.s.DefaultListableBeanFactory     : Creating shared instance of singleton bean 'org.springframework.security.config.annotation.web.configuration.HttpSecurityConfiguration'
2024-11-08T16:45:02.341-06:00 DEBUG 8028 --- [ezcontract] [           main] o.s.b.f.s.DefaultListableBeanFactory     : Creating shared instance of singleton bean 'mvcContentNegotiationManager'
2024-11-08T16:45:02.341-06:00 DEBUG 8028 --- [ezcontract] [           main] o.s.b.f.s.DefaultListableBeanFactory     : Creating shared instance of singleton bean 'org.springframework.boot.autoconfigure.web.servlet.WebMvcAutoConfiguration$EnableWebMvcConfiguration'
2024-11-08T16:45:02.341-06:00 DEBUG 8028 --- [ezcontract] [           main] o.s.b.f.s.DefaultListableBeanFactory     : Creating shared instance of singleton bean 'spring.mvc-org.springframework.boot.autoconfigure.web.servlet.WebMvcProperties'
2024-11-08T16:45:02.344-06:00 DEBUG 8028 --- [ezcontract] [           main] o.s.b.f.s.DefaultListableBeanFactory     : Creating shared instance of singleton bean 'spring.web-org.springframework.boot.autoconfigure.web.WebProperties'
2024-11-08T16:45:02.347-06:00 DEBUG 8028 --- [ezcontract] [           main] o.s.b.f.s.DefaultListableBeanFactory     : Autowiring by type from bean name 'org.springframework.boot.autoconfigure.web.servlet.WebMvcAutoConfiguration$EnableWebMvcConfiguration' via constructor to bean named 'spring.mvc-org.springframework.boot.autoconfigure.web.servlet.WebMvcProperties'
2024-11-08T16:45:02.347-06:00 DEBUG 8028 --- [ezcontract] [           main] o.s.b.f.s.DefaultListableBeanFactory     : Autowiring by type from bean name 'org.springframework.boot.autoconfigure.web.servlet.WebMvcAutoConfiguration$EnableWebMvcConfiguration' via constructor to bean named 'spring.web-org.springframework.boot.autoconfigure.web.WebProperties'
2024-11-08T16:45:02.347-06:00 DEBUG 8028 --- [ezcontract] [           main] o.s.b.f.s.DefaultListableBeanFactory     : Autowiring by type from bean name 'org.springframework.boot.autoconfigure.web.servlet.WebMvcAutoConfiguration$EnableWebMvcConfiguration' via constructor to bean named 'org.springframework.beans.factory.support.DefaultListableBeanFactory@48b0e701'
2024-11-08T16:45:02.350-06:00 DEBUG 8028 --- [ezcontract] [           main] o.s.b.f.s.DefaultListableBeanFactory     : Creating shared instance of singleton bean 'org.springframework.security.config.annotation.web.configuration.WebMvcSecurityConfiguration'
2024-11-08T16:45:02.351-06:00 DEBUG 8028 --- [ezcontract] [           main] o.s.b.f.s.DefaultListableBeanFactory     : Creating shared instance of singleton bean 'org.springframework.boot.autoconfigure.web.servlet.WebMvcAutoConfiguration$WebMvcAutoConfigurationAdapter'
2024-11-08T16:45:02.352-06:00 DEBUG 8028 --- [ezcontract] [           main] o.s.b.f.s.DefaultListableBeanFactory     : Autowiring by type from bean name 'org.springframework.boot.autoconfigure.web.servlet.WebMvcAutoConfiguration$WebMvcAutoConfigurationAdapter' via constructor to bean named 'spring.web-org.springframework.boot.autoconfigure.web.WebProperties'
2024-11-08T16:45:02.352-06:00 DEBUG 8028 --- [ezcontract] [           main] o.s.b.f.s.DefaultListableBeanFactory     : Autowiring by type from bean name 'org.springframework.boot.autoconfigure.web.servlet.WebMvcAutoConfiguration$WebMvcAutoConfigurationAdapter' via constructor to bean named 'spring.mvc-org.springframework.boot.autoconfigure.web.servlet.WebMvcProperties'
2024-11-08T16:45:02.352-06:00 DEBUG 8028 --- [ezcontract] [           main] o.s.b.f.s.DefaultListableBeanFactory     : Autowiring by type from bean name 'org.springframework.boot.autoconfigure.web.servlet.WebMvcAutoConfiguration$WebMvcAutoConfigurationAdapter' via constructor to bean named 'org.springframework.beans.factory.support.DefaultListableBeanFactory@48b0e701'
2024-11-08T16:45:02.353-06:00 DEBUG 8028 --- [ezcontract] [           main] o.s.b.f.s.DefaultListableBeanFactory     : Creating shared instance of singleton bean 'openEntityManagerInViewInterceptorConfigurer'
2024-11-08T16:45:02.353-06:00 DEBUG 8028 --- [ezcontract] [           main] o.s.b.f.s.DefaultListableBeanFactory     : Creating shared instance of singleton bean 'org.springframework.boot.autoconfigure.orm.jpa.JpaBaseConfiguration$JpaWebConfiguration'
2024-11-08T16:45:02.354-06:00 DEBUG 8028 --- [ezcontract] [           main] o.s.b.f.s.DefaultListableBeanFactory     : Autowiring by type from bean name 'org.springframework.boot.autoconfigure.orm.jpa.JpaBaseConfiguration$JpaWebConfiguration' via constructor to bean named 'spring.jpa-org.springframework.boot.autoconfigure.orm.jpa.JpaProperties'
2024-11-08T16:45:02.354-06:00 DEBUG 8028 --- [ezcontract] [           main] o.s.b.f.s.DefaultListableBeanFactory     : Creating shared instance of singleton bean 'openEntityManagerInViewInterceptor'
2024-11-08T16:45:02.354-06:00  WARN 8028 --- [ezcontract] [           main] JpaBaseConfiguration$JpaWebConfiguration : spring.jpa.open-in-view is enabled by default. Therefore, database queries may be performed during view rendering. Explicitly configure spring.jpa.open-in-view to disable this warning
2024-11-08T16:45:02.356-06:00 DEBUG 8028 --- [ezcontract] [           main] o.s.b.f.s.DefaultListableBeanFactory     : Autowiring by type from bean name 'openEntityManagerInViewInterceptorConfigurer' via factory method to bean named 'openEntityManagerInViewInterceptor'
2024-11-08T16:45:02.357-06:00 DEBUG 8028 --- [ezcontract] [           main] o.s.b.f.s.DefaultListableBeanFactory     : Creating shared instance of singleton bean 'org.springframework.data.web.config.SpringDataWebConfiguration'
2024-11-08T16:45:02.358-06:00 DEBUG 8028 --- [ezcontract] [           main] o.s.b.f.s.DefaultListableBeanFactory     : Autowiring by type from bean name 'org.springframework.data.web.config.SpringDataWebConfiguration' via constructor to bean named 'org.springframework.web.context.support.GenericWebApplicationContext@10b3df93'
2024-11-08T16:45:02.417-06:00 DEBUG 8028 --- [ezcontract] [           main] o.s.b.f.s.DefaultListableBeanFactory     : Creating shared instance of singleton bean 'mvcHandlerMappingIntrospectorRequestTransformer'
2024-11-08T16:45:02.417-06:00 DEBUG 8028 --- [ezcontract] [           main] o.s.b.f.s.DefaultListableBeanFactory     : Creating shared instance of singleton bean 'mvcHandlerMappingIntrospector'
2024-11-08T16:45:02.420-06:00 DEBUG 8028 --- [ezcontract] [           main] o.s.b.f.s.DefaultListableBeanFactory     : Creating shared instance of singleton bean 'welcomePageHandlerMapping'
2024-11-08T16:45:02.420-06:00 DEBUG 8028 --- [ezcontract] [           main] o.s.b.f.s.DefaultListableBeanFactory     : Creating shared instance of singleton bean 'mvcConversionService'
2024-11-08T16:45:02.427-06:00 DEBUG 8028 --- [ezcontract] [           main] o.s.b.f.s.DefaultListableBeanFactory     : Creating shared instance of singleton bean 'mvcResourceUrlProvider'
2024-11-08T16:45:02.429-06:00 DEBUG 8028 --- [ezcontract] [           main] o.s.b.f.s.DefaultListableBeanFactory     : Autowiring by type from bean name 'welcomePageHandlerMapping' via factory method to bean named 'org.springframework.web.context.support.GenericWebApplicationContext@10b3df93'
2024-11-08T16:45:02.429-06:00 DEBUG 8028 --- [ezcontract] [           main] o.s.b.f.s.DefaultListableBeanFactory     : Autowiring by type from bean name 'welcomePageHandlerMapping' via factory method to bean named 'mvcConversionService'
2024-11-08T16:45:02.429-06:00 DEBUG 8028 --- [ezcontract] [           main] o.s.b.f.s.DefaultListableBeanFactory     : Autowiring by type from bean name 'welcomePageHandlerMapping' via factory method to bean named 'mvcResourceUrlProvider'
2024-11-08T16:45:02.440-06:00 DEBUG 8028 --- [ezcontract] [           main] o.s.b.f.s.DefaultListableBeanFactory     : Creating shared instance of singleton bean 'welcomePageNotAcceptableHandlerMapping'
2024-11-08T16:45:02.440-06:00 DEBUG 8028 --- [ezcontract] [           main] o.s.b.f.s.DefaultListableBeanFactory     : Autowiring by type from bean name 'welcomePageNotAcceptableHandlerMapping' via factory method to bean named 'org.springframework.web.context.support.GenericWebApplicationContext@10b3df93'
2024-11-08T16:45:02.440-06:00 DEBUG 8028 --- [ezcontract] [           main] o.s.b.f.s.DefaultListableBeanFactory     : Autowiring by type from bean name 'welcomePageNotAcceptableHandlerMapping' via factory method to bean named 'mvcConversionService'
2024-11-08T16:45:02.440-06:00 DEBUG 8028 --- [ezcontract] [           main] o.s.b.f.s.DefaultListableBeanFactory     : Autowiring by type from bean name 'welcomePageNotAcceptableHandlerMapping' via factory method to bean named 'mvcResourceUrlProvider'
2024-11-08T16:45:02.445-06:00 DEBUG 8028 --- [ezcontract] [           main] o.s.b.f.s.DefaultListableBeanFactory     : Creating shared instance of singleton bean 'requestMappingHandlerMapping'
2024-11-08T16:45:02.446-06:00 DEBUG 8028 --- [ezcontract] [           main] o.s.b.f.s.DefaultListableBeanFactory     : Autowiring by type from bean name 'requestMappingHandlerMapping' via factory method to bean named 'mvcContentNegotiationManager'
2024-11-08T16:45:02.446-06:00 DEBUG 8028 --- [ezcontract] [           main] o.s.b.f.s.DefaultListableBeanFactory     : Autowiring by type from bean name 'requestMappingHandlerMapping' via factory method to bean named 'mvcConversionService'
2024-11-08T16:45:02.446-06:00 DEBUG 8028 --- [ezcontract] [           main] o.s.b.f.s.DefaultListableBeanFactory     : Autowiring by type from bean name 'requestMappingHandlerMapping' via factory method to bean named 'mvcResourceUrlProvider'
2024-11-08T16:45:02.495-06:00 DEBUG 8028 --- [ezcontract] [           main] s.w.s.m.m.a.RequestMappingHandlerMapping : 16 mappings in 'requestMappingHandlerMapping'
2024-11-08T16:45:02.496-06:00 DEBUG 8028 --- [ezcontract] [           main] o.s.b.f.s.DefaultListableBeanFactory     : Creating shared instance of singleton bean 'viewControllerHandlerMapping'
2024-11-08T16:45:02.497-06:00 DEBUG 8028 --- [ezcontract] [           main] o.s.b.f.s.DefaultListableBeanFactory     : Autowiring by type from bean name 'viewControllerHandlerMapping' via factory method to bean named 'mvcConversionService'
2024-11-08T16:45:02.497-06:00 DEBUG 8028 --- [ezcontract] [           main] o.s.b.f.s.DefaultListableBeanFactory     : Autowiring by type from bean name 'viewControllerHandlerMapping' via factory method to bean named 'mvcResourceUrlProvider'
2024-11-08T16:45:02.497-06:00 DEBUG 8028 --- [ezcontract] [           main] o.s.b.f.s.DefaultListableBeanFactory     : Creating shared instance of singleton bean 'beanNameHandlerMapping'
2024-11-08T16:45:02.498-06:00 DEBUG 8028 --- [ezcontract] [           main] o.s.b.f.s.DefaultListableBeanFactory     : Autowiring by type from bean name 'beanNameHandlerMapping' via factory method to bean named 'mvcConversionService'
2024-11-08T16:45:02.498-06:00 DEBUG 8028 --- [ezcontract] [           main] o.s.b.f.s.DefaultListableBeanFactory     : Autowiring by type from bean name 'beanNameHandlerMapping' via factory method to bean named 'mvcResourceUrlProvider'
2024-11-08T16:45:02.501-06:00 DEBUG 8028 --- [ezcontract] [           main] o.s.b.f.s.DefaultListableBeanFactory     : Creating shared instance of singleton bean 'routerFunctionMapping'
2024-11-08T16:45:02.501-06:00 DEBUG 8028 --- [ezcontract] [           main] o.s.b.f.s.DefaultListableBeanFactory     : Autowiring by type from bean name 'routerFunctionMapping' via factory method to bean named 'mvcConversionService'
2024-11-08T16:45:02.501-06:00 DEBUG 8028 --- [ezcontract] [           main] o.s.b.f.s.DefaultListableBeanFactory     : Autowiring by type from bean name 'routerFunctionMapping' via factory method to bean named 'mvcResourceUrlProvider'
2024-11-08T16:45:02.502-06:00 DEBUG 8028 --- [ezcontract] [           main] o.s.b.f.s.DefaultListableBeanFactory     : Creating shared instance of singleton bean 'messageConverters'
2024-11-08T16:45:02.502-06:00 DEBUG 8028 --- [ezcontract] [           main] o.s.b.f.s.DefaultListableBeanFactory     : Creating shared instance of singleton bean 'org.springframework.boot.autoconfigure.http.HttpMessageConvertersAutoConfiguration'
2024-11-08T16:45:02.505-06:00 DEBUG 8028 --- [ezcontract] [           main] o.s.b.f.s.DefaultListableBeanFactory     : Creating shared instance of singleton bean 'stringHttpMessageConverter'
2024-11-08T16:45:02.505-06:00 DEBUG 8028 --- [ezcontract] [           main] o.s.b.f.s.DefaultListableBeanFactory     : Creating shared instance of singleton bean 'org.springframework.boot.autoconfigure.http.HttpMessageConvertersAutoConfiguration$StringHttpMessageConverterConfiguration'
2024-11-08T16:45:02.506-06:00 DEBUG 8028 --- [ezcontract] [           main] o.s.b.f.s.DefaultListableBeanFactory     : Autowiring by type from bean name 'stringHttpMessageConverter' via factory method to bean named 'environment'
2024-11-08T16:45:02.508-06:00 DEBUG 8028 --- [ezcontract] [           main] o.s.b.f.s.DefaultListableBeanFactory     : Creating shared instance of singleton bean 'mappingJackson2HttpMessageConverter'
2024-11-08T16:45:02.508-06:00 DEBUG 8028 --- [ezcontract] [           main] o.s.b.f.s.DefaultListableBeanFactory     : Creating shared instance of singleton bean 'org.springframework.boot.autoconfigure.http.JacksonHttpMessageConvertersConfiguration$MappingJackson2HttpMessageConverterConfiguration'
2024-11-08T16:45:02.509-06:00 DEBUG 8028 --- [ezcontract] [           main] o.s.b.f.s.DefaultListableBeanFactory     : Creating shared instance of singleton bean 'jacksonObjectMapper'
2024-11-08T16:45:02.509-06:00 DEBUG 8028 --- [ezcontract] [           main] o.s.b.f.s.DefaultListableBeanFactory     : Creating shared instance of singleton bean 'org.springframework.boot.autoconfigure.jackson.JacksonAutoConfiguration$JacksonObjectMapperConfiguration'
2024-11-08T16:45:02.510-06:00 DEBUG 8028 --- [ezcontract] [           main] o.s.b.f.s.DefaultListableBeanFactory     : Creating shared instance of singleton bean 'org.springframework.boot.autoconfigure.jackson.JacksonAutoConfiguration$JacksonObjectMapperBuilderConfiguration'
2024-11-08T16:45:02.511-06:00 DEBUG 8028 --- [ezcontract] [           main] o.s.b.f.s.DefaultListableBeanFactory     : Creating shared instance of singleton bean 'standardJacksonObjectMapperBuilderCustomizer'
2024-11-08T16:45:02.511-06:00 DEBUG 8028 --- [ezcontract] [           main] o.s.b.f.s.DefaultListableBeanFactory     : Creating shared instance of singleton bean 'org.springframework.boot.autoconfigure.jackson.JacksonAutoConfiguration$Jackson2ObjectMapperBuilderCustomizerConfiguration'
2024-11-08T16:45:02.511-06:00 DEBUG 8028 --- [ezcontract] [           main] o.s.b.f.s.DefaultListableBeanFactory     : Creating shared instance of singleton bean 'spring.jackson-org.springframework.boot.autoconfigure.jackson.JacksonProperties'
2024-11-08T16:45:02.513-06:00 DEBUG 8028 --- [ezcontract] [           main] o.s.b.f.s.DefaultListableBeanFactory     : Autowiring by type from bean name 'standardJacksonObjectMapperBuilderCustomizer' via factory method to bean named 'spring.jackson-org.springframework.boot.autoconfigure.jackson.JacksonProperties'
2024-11-08T16:45:02.514-06:00 DEBUG 8028 --- [ezcontract] [           main] o.s.b.f.s.DefaultListableBeanFactory     : Creating shared instance of singleton bean 'parameterNamesModule'
2024-11-08T16:45:02.514-06:00 DEBUG 8028 --- [ezcontract] [           main] o.s.b.f.s.DefaultListableBeanFactory     : Creating shared instance of singleton bean 'org.springframework.boot.autoconfigure.jackson.JacksonAutoConfiguration$ParameterNamesModuleConfiguration'
2024-11-08T16:45:02.516-06:00 DEBUG 8028 --- [ezcontract] [           main] o.s.b.f.s.DefaultListableBeanFactory     : Creating shared instance of singleton bean 'jsonMixinModule'
2024-11-08T16:45:02.517-06:00 DEBUG 8028 --- [ezcontract] [           main] o.s.b.f.s.DefaultListableBeanFactory     : Creating shared instance of singleton bean 'org.springframework.boot.autoconfigure.jackson.JacksonAutoConfiguration$JacksonMixinConfiguration'
2024-11-08T16:45:02.517-06:00 DEBUG 8028 --- [ezcontract] [           main] o.s.b.f.s.DefaultListableBeanFactory     : Creating shared instance of singleton bean 'jsonMixinModuleEntries'
2024-11-08T16:45:02.517-06:00 DEBUG 8028 --- [ezcontract] [           main] o.s.b.f.s.DefaultListableBeanFactory     : Autowiring by type from bean name 'jsonMixinModuleEntries' via factory method to bean named 'org.springframework.web.context.support.GenericWebApplicationContext@10b3df93'
2024-11-08T16:45:02.524-06:00 DEBUG 8028 --- [ezcontract] [           main] o.s.b.f.s.DefaultListableBeanFactory     : Autowiring by type from bean name 'jsonMixinModule' via factory method to bean named 'org.springframework.web.context.support.GenericWebApplicationContext@10b3df93'
2024-11-08T16:45:02.524-06:00 DEBUG 8028 --- [ezcontract] [           main] o.s.b.f.s.DefaultListableBeanFactory     : Autowiring by type from bean name 'jsonMixinModule' via factory method to bean named 'jsonMixinModuleEntries'
2024-11-08T16:45:02.525-06:00 DEBUG 8028 --- [ezcontract] [           main] o.s.b.f.s.DefaultListableBeanFactory     : Creating shared instance of singleton bean 'jsonComponentModule'
2024-11-08T16:45:02.525-06:00 DEBUG 8028 --- [ezcontract] [           main] o.s.b.f.s.DefaultListableBeanFactory     : Creating shared instance of singleton bean 'org.springframework.boot.autoconfigure.jackson.JacksonAutoConfiguration'
2024-11-08T16:45:02.527-06:00 DEBUG 8028 --- [ezcontract] [           main] o.s.b.f.s.DefaultListableBeanFactory     : Creating shared instance of singleton bean 'jacksonGeoModule'
2024-11-08T16:45:02.527-06:00 DEBUG 8028 --- [ezcontract] [           main] o.s.b.f.s.DefaultListableBeanFactory     : Creating shared instance of singleton bean 'org.springframework.data.web.config.SpringDataJacksonConfiguration'
2024-11-08T16:45:02.532-06:00 DEBUG 8028 --- [ezcontract] [           main] o.s.b.f.s.DefaultListableBeanFactory     : Creating shared instance of singleton bean 'pageModule'
2024-11-08T16:45:02.534-06:00 DEBUG 8028 --- [ezcontract] [           main] o.s.b.f.s.DefaultListableBeanFactory     : Autowiring by type from bean name 'jacksonObjectMapperBuilder' via factory method to bean named 'org.springframework.web.context.support.GenericWebApplicationContext@10b3df93'
2024-11-08T16:45:02.534-06:00 DEBUG 8028 --- [ezcontract] [           main] o.s.b.f.s.DefaultListableBeanFactory     : Autowiring by type from bean name 'jacksonObjectMapperBuilder' via factory method to bean named 'standardJacksonObjectMapperBuilderCustomizer'
2024-11-08T16:45:02.537-06:00 DEBUG 8028 --- [ezcontract] [           main] o.s.b.f.s.DefaultListableBeanFactory     : Autowiring by type from bean name 'jacksonObjectMapper' via factory method to bean named 'jacksonObjectMapperBuilder'
2024-11-08T16:45:02.551-06:00 DEBUG 8028 --- [ezcontract] [           main] o.s.b.f.s.DefaultListableBeanFactory     : Autowiring by type from bean name 'mappingJackson2HttpMessageConverter' via factory method to bean named 'jacksonObjectMapper'
2024-11-08T16:45:02.593-06:00 DEBUG 8028 --- [ezcontract] [           main] o.s.b.f.s.DefaultListableBeanFactory     : Creating shared instance of singleton bean 'resourceHandlerMapping'
2024-11-08T16:45:02.593-06:00 DEBUG 8028 --- [ezcontract] [           main] o.s.b.f.s.DefaultListableBeanFactory     : Autowiring by type from bean name 'resourceHandlerMapping' via factory method to bean named 'mvcContentNegotiationManager'
2024-11-08T16:45:02.593-06:00 DEBUG 8028 --- [ezcontract] [           main] o.s.b.f.s.DefaultListableBeanFactory     : Autowiring by type from bean name 'resourceHandlerMapping' via factory method to bean named 'mvcConversionService'
2024-11-08T16:45:02.593-06:00 DEBUG 8028 --- [ezcontract] [           main] o.s.b.f.s.DefaultListableBeanFactory     : Autowiring by type from bean name 'resourceHandlerMapping' via factory method to bean named 'mvcResourceUrlProvider'
2024-11-08T16:45:02.603-06:00 DEBUG 8028 --- [ezcontract] [           main] o.s.w.s.handler.SimpleUrlHandlerMapping  : Patterns [/webjars/**, /**] in 'resourceHandlerMapping'
2024-11-08T16:45:02.604-06:00 DEBUG 8028 --- [ezcontract] [           main] o.s.b.f.s.DefaultListableBeanFactory     : Creating shared instance of singleton bean 'defaultServletHandlerMapping'
2024-11-08T16:45:02.609-06:00 DEBUG 8028 --- [ezcontract] [           main] o.s.b.f.s.DefaultListableBeanFactory     : Creating shared instance of singleton bean 'filterChain'
2024-11-08T16:45:02.610-06:00 DEBUG 8028 --- [ezcontract] [           main] o.s.b.f.s.DefaultListableBeanFactory     : Autowiring by type from bean name 'filterChain' via factory method to bean named 'org.springframework.security.config.annotation.web.configuration.HttpSecurityConfiguration.httpSecurity'
2024-11-08T16:45:02.623-06:00 DEBUG 8028 --- [ezcontract] [           main] o.s.b.f.s.DefaultListableBeanFactory     : Creating shared instance of singleton bean 'authenticationJwtTokenFilter'
2024-11-08T16:45:02.647-06:00 DEBUG 8028 --- [ezcontract] [           main] o.s.s.web.DefaultSecurityFilterChain     : Will secure any request with filters: DisableEncodeUrlFilter, WebAsyncManagerIntegrationFilter, SecurityContextHolderFilter, HeaderWriterFilter, LogoutFilter, AuthTokenFilter, RequestCacheAwareFilter, SecurityContextHolderAwareRequestFilter, AnonymousAuthenticationFilter, SessionManagementFilter, ExceptionTranslationFilter, AuthorizationFilter
2024-11-08T16:45:02.648-06:00 DEBUG 8028 --- [ezcontract] [           main] o.s.b.f.s.DefaultListableBeanFactory     : Creating shared instance of singleton bean 'webSecurityCustomizer'
2024-11-08T16:45:02.649-06:00 DEBUG 8028 --- [ezcontract] [           main] o.s.b.f.s.DefaultListableBeanFactory     : Creating shared instance of singleton bean 'delegatingApplicationListener'
2024-11-08T16:45:02.650-06:00 DEBUG 8028 --- [ezcontract] [           main] o.s.b.f.s.DefaultListableBeanFactory     : Creating shared instance of singleton bean 'springSecurityFilterChain'
2024-11-08T16:45:02.654-06:00  WARN 8028 --- [ezcontract] [           main] o.s.s.c.a.web.builders.WebSecurity       : You are asking Spring Security to ignore Deferred [Mvc [pattern='/v2/api-docs'], Ant [pattern='/v2/api-docs']]. This is not recommended -- please use permitAll via HttpSecurity#authorizeHttpRequests instead.
2024-11-08T16:45:02.654-06:00 DEBUG 8028 --- [ezcontract] [           main] o.s.s.web.DefaultSecurityFilterChain     : Will not secure Deferred [Mvc [pattern='/v2/api-docs'], Ant [pattern='/v2/api-docs']]
2024-11-08T16:45:02.654-06:00  WARN 8028 --- [ezcontract] [           main] o.s.s.c.a.web.builders.WebSecurity       : You are asking Spring Security to ignore Deferred [Mvc [pattern='/configuration/ui'], Ant [pattern='/configuration/ui']]. This is not recommended -- please use permitAll via HttpSecurity#authorizeHttpRequests instead.
2024-11-08T16:45:02.654-06:00 DEBUG 8028 --- [ezcontract] [           main] o.s.s.web.DefaultSecurityFilterChain     : Will not secure Deferred [Mvc [pattern='/configuration/ui'], Ant [pattern='/configuration/ui']]
2024-11-08T16:45:02.654-06:00  WARN 8028 --- [ezcontract] [           main] o.s.s.c.a.web.builders.WebSecurity       : You are asking Spring Security to ignore Deferred [Mvc [pattern='/swagger-resources/**'], Ant [pattern='/swagger-resources/**']]. This is not recommended -- please use permitAll via HttpSecurity#authorizeHttpRequests instead.
2024-11-08T16:45:02.654-06:00 DEBUG 8028 --- [ezcontract] [           main] o.s.s.web.DefaultSecurityFilterChain     : Will not secure Deferred [Mvc [pattern='/swagger-resources/**'], Ant [pattern='/swagger-resources/**']]
2024-11-08T16:45:02.654-06:00  WARN 8028 --- [ezcontract] [           main] o.s.s.c.a.web.builders.WebSecurity       : You are asking Spring Security to ignore Deferred [Mvc [pattern='/configuration/security'], Ant [pattern='/configuration/security']]. This is not recommended -- please use permitAll via HttpSecurity#authorizeHttpRequests instead.
2024-11-08T16:45:02.654-06:00 DEBUG 8028 --- [ezcontract] [           main] o.s.s.web.DefaultSecurityFilterChain     : Will not secure Deferred [Mvc [pattern='/configuration/security'], Ant [pattern='/configuration/security']]
2024-11-08T16:45:02.654-06:00  WARN 8028 --- [ezcontract] [           main] o.s.s.c.a.web.builders.WebSecurity       : You are asking Spring Security to ignore Deferred [Mvc [pattern='/swagger-ui.html'], Ant [pattern='/swagger-ui.html']]. This is not recommended -- please use permitAll via HttpSecurity#authorizeHttpRequests instead.
2024-11-08T16:45:02.654-06:00 DEBUG 8028 --- [ezcontract] [           main] o.s.s.web.DefaultSecurityFilterChain     : Will not secure Deferred [Mvc [pattern='/swagger-ui.html'], Ant [pattern='/swagger-ui.html']]
2024-11-08T16:45:02.654-06:00  WARN 8028 --- [ezcontract] [           main] o.s.s.c.a.web.builders.WebSecurity       : You are asking Spring Security to ignore Deferred [Mvc [pattern='/webjars/**'], Ant [pattern='/webjars/**']]. This is not recommended -- please use permitAll via HttpSecurity#authorizeHttpRequests instead.
2024-11-08T16:45:02.654-06:00 DEBUG 8028 --- [ezcontract] [           main] o.s.s.web.DefaultSecurityFilterChain     : Will not secure Deferred [Mvc [pattern='/webjars/**'], Ant [pattern='/webjars/**']]
2024-11-08T16:45:02.660-06:00 DEBUG 8028 --- [ezcontract] [           main] o.s.b.f.s.DefaultListableBeanFactory     : Creating shared instance of singleton bean 'webSecurityExpressionHandler'
2024-11-08T16:45:02.661-06:00 DEBUG 8028 --- [ezcontract] [           main] o.s.b.f.s.DefaultListableBeanFactory     : Creating shared instance of singleton bean 'privilegeEvaluator'
2024-11-08T16:45:02.661-06:00 DEBUG 8028 --- [ezcontract] [           main] o.s.b.f.s.DefaultListableBeanFactory     : Creating shared instance of singleton bean 'requestDataValueProcessor'
2024-11-08T16:45:02.663-06:00 DEBUG 8028 --- [ezcontract] [           main] o.s.b.f.s.DefaultListableBeanFactory     : Creating shared instance of singleton bean 'initData'
2024-11-08T16:45:02.663-06:00 DEBUG 8028 --- [ezcontract] [           main] o.s.b.f.s.DefaultListableBeanFactory     : Autowiring by type from bean name 'initData' via factory method to bean named 'roleRepository'
2024-11-08T16:45:02.663-06:00 DEBUG 8028 --- [ezcontract] [           main] o.s.b.f.s.DefaultListableBeanFactory     : Autowiring by type from bean name 'initData' via factory method to bean named 'userRepository'
2024-11-08T16:45:02.663-06:00 DEBUG 8028 --- [ezcontract] [           main] o.s.b.f.s.DefaultListableBeanFactory     : Autowiring by type from bean name 'initData' via factory method to bean named 'passwordEncoder'
2024-11-08T16:45:02.664-06:00 DEBUG 8028 --- [ezcontract] [           main] o.s.b.f.s.DefaultListableBeanFactory     : Creating shared instance of singleton bean 'org.springframework.boot.autoconfigure.context.PropertyPlaceholderAutoConfiguration'
2024-11-08T16:45:02.664-06:00 DEBUG 8028 --- [ezcontract] [           main] o.s.b.f.s.DefaultListableBeanFactory     : Creating shared instance of singleton bean 'org.springframework.boot.autoconfigure.ssl.SslAutoConfiguration'
2024-11-08T16:45:02.665-06:00 DEBUG 8028 --- [ezcontract] [           main] o.s.b.f.s.DefaultListableBeanFactory     : Creating shared instance of singleton bean 'spring.ssl-org.springframework.boot.autoconfigure.ssl.SslProperties'
2024-11-08T16:45:02.667-06:00 DEBUG 8028 --- [ezcontract] [           main] o.s.b.f.s.DefaultListableBeanFactory     : Autowiring by type from bean name 'org.springframework.boot.autoconfigure.ssl.SslAutoConfiguration' via constructor to bean named 'spring.ssl-org.springframework.boot.autoconfigure.ssl.SslProperties'
2024-11-08T16:45:02.667-06:00 DEBUG 8028 --- [ezcontract] [           main] o.s.b.f.s.DefaultListableBeanFactory     : Creating shared instance of singleton bean 'fileWatcher'
2024-11-08T16:45:02.668-06:00 DEBUG 8028 --- [ezcontract] [           main] o.s.b.f.s.DefaultListableBeanFactory     : Creating shared instance of singleton bean 'sslPropertiesSslBundleRegistrar'
2024-11-08T16:45:02.669-06:00 DEBUG 8028 --- [ezcontract] [           main] o.s.b.f.s.DefaultListableBeanFactory     : Autowiring by type from bean name 'sslPropertiesSslBundleRegistrar' via factory method to bean named 'fileWatcher'
2024-11-08T16:45:02.672-06:00 DEBUG 8028 --- [ezcontract] [           main] o.s.b.f.s.DefaultListableBeanFactory     : Creating shared instance of singleton bean 'sslBundleRegistry'
2024-11-08T16:45:02.676-06:00 DEBUG 8028 --- [ezcontract] [           main] o.s.b.f.s.DefaultListableBeanFactory     : Creating shared instance of singleton bean 'org.springframework.boot.autoconfigure.websocket.servlet.WebSocketServletAutoConfiguration$TomcatWebSocketConfiguration'
2024-11-08T16:45:02.676-06:00 DEBUG 8028 --- [ezcontract] [           main] o.s.b.f.s.DefaultListableBeanFactory     : Creating shared instance of singleton bean 'websocketServletWebServerCustomizer'
2024-11-08T16:45:02.678-06:00 DEBUG 8028 --- [ezcontract] [           main] o.s.b.f.s.DefaultListableBeanFactory     : Creating shared instance of singleton bean 'org.springframework.boot.autoconfigure.websocket.servlet.WebSocketServletAutoConfiguration'
2024-11-08T16:45:02.679-06:00 DEBUG 8028 --- [ezcontract] [           main] o.s.b.f.s.DefaultListableBeanFactory     : Creating shared instance of singleton bean 'org.springframework.boot.autoconfigure.web.servlet.ServletWebServerFactoryConfiguration$EmbeddedTomcat'
2024-11-08T16:45:02.679-06:00 DEBUG 8028 --- [ezcontract] [           main] o.s.b.f.s.DefaultListableBeanFactory     : Creating shared instance of singleton bean 'tomcatServletWebServerFactory'
2024-11-08T16:45:02.711-06:00 DEBUG 8028 --- [ezcontract] [           main] o.s.b.f.s.DefaultListableBeanFactory     : Creating shared instance of singleton bean 'servletWebServerFactoryCustomizer'
2024-11-08T16:45:02.711-06:00 DEBUG 8028 --- [ezcontract] [           main] o.s.b.f.s.DefaultListableBeanFactory     : Creating shared instance of singleton bean 'org.springframework.boot.autoconfigure.web.servlet.ServletWebServerFactoryAutoConfiguration'
2024-11-08T16:45:02.712-06:00 DEBUG 8028 --- [ezcontract] [           main] o.s.b.f.s.DefaultListableBeanFactory     : Creating shared instance of singleton bean 'server-org.springframework.boot.autoconfigure.web.ServerProperties'
2024-11-08T16:45:02.719-06:00 DEBUG 8028 --- [ezcontract] [           main] o.s.b.f.s.DefaultListableBeanFactory     : Autowiring by type from bean name 'servletWebServerFactoryCustomizer' via factory method to bean named 'server-org.springframework.boot.autoconfigure.web.ServerProperties'
2024-11-08T16:45:02.721-06:00 DEBUG 8028 --- [ezcontract] [           main] o.s.b.f.s.DefaultListableBeanFactory     : Creating shared instance of singleton bean 'tomcatServletWebServerFactoryCustomizer'
2024-11-08T16:45:02.721-06:00 DEBUG 8028 --- [ezcontract] [           main] o.s.b.f.s.DefaultListableBeanFactory     : Autowiring by type from bean name 'tomcatServletWebServerFactoryCustomizer' via factory method to bean named 'server-org.springframework.boot.autoconfigure.web.ServerProperties'
2024-11-08T16:45:02.721-06:00 DEBUG 8028 --- [ezcontract] [           main] o.s.b.f.s.DefaultListableBeanFactory     : Creating shared instance of singleton bean 'localeCharsetMappingsCustomizer'
2024-11-08T16:45:02.721-06:00 DEBUG 8028 --- [ezcontract] [           main] o.s.b.f.s.DefaultListableBeanFactory     : Creating shared instance of singleton bean 'org.springframework.boot.autoconfigure.web.servlet.HttpEncodingAutoConfiguration'
2024-11-08T16:45:02.722-06:00 DEBUG 8028 --- [ezcontract] [           main] o.s.b.f.s.DefaultListableBeanFactory     : Autowiring by type from bean name 'org.springframework.boot.autoconfigure.web.servlet.HttpEncodingAutoConfiguration' via constructor to bean named 'server-org.springframework.boot.autoconfigure.web.ServerProperties'
2024-11-08T16:45:02.730-06:00 DEBUG 8028 --- [ezcontract] [           main] o.s.b.f.s.DefaultListableBeanFactory     : Creating shared instance of singleton bean 'errorPageCustomizer'
2024-11-08T16:45:02.731-06:00 DEBUG 8028 --- [ezcontract] [           main] o.s.b.f.s.DefaultListableBeanFactory     : Creating shared instance of singleton bean 'org.springframework.boot.autoconfigure.web.servlet.error.ErrorMvcAutoConfiguration'
[...]

   TransactionAutoConfiguration#transactionalOperator:
      Did not match:
         - @ConditionalOnSingleCandidate (types: org.springframework.transaction.ReactiveTransactionManager; SearchStrategy: all) did not find any beans (OnBeanCondition)

   TransactionAutoConfiguration.AspectJTransactionManagementConfiguration:
      Did not match:
         - @ConditionalOnBean (types: org.springframework.transaction.aspectj.AbstractTransactionAspect; SearchStrategy: all) did not find any beans of type org.springframework.transaction.aspectj.AbstractTransactionAspect (OnBeanCondition)

   TransactionAutoConfiguration.EnableTransactionManagementConfiguration.JdkDynamicAutoProxyConfiguration:
      Did not match:
         - @ConditionalOnProperty (spring.aop.proxy-target-class=false) did not find property 'proxy-target-class' (OnPropertyCondition)

   UserDetailsServiceAutoConfiguration:
      Did not match:
         - @ConditionalOnMissingBean (types: org.springframework.security.authentication.AuthenticationManager,org.springframework.security.authentication.AuthenticationProvider,org.springframework.security.core.userdetails.UserDetailsService,org.springframework.security.authentication.AuthenticationManagerResolver,org.springframework.security.oauth2.jwt.JwtDecoder; SearchStrategy: all) found beans of type 'org.springframework.security.authentication.AuthenticationManager' authenticationManager and found beans of type 'org.springframework.security.core.userdetails.UserDetailsService' userDetailsServiceImp and found beans of type 'org.springframework.security.authentication.AuthenticationProvider' authenticationProvider (OnBeanCondition)
      Matched:
         - @ConditionalOnClass found required class 'org.springframework.security.authentication.AuthenticationManager' (OnClassCondition)
         - AnyNestedCondition 1 matched 2 did not; NestedCondition on UserDetailsServiceAutoConfiguration.MissingAlternativeOrUserPropertiesConfigured.PasswordConfigured @ConditionalOnProperty (spring.security.user.password) did not find property 'password'; NestedCondition on UserDetailsServiceAutoConfiguration.MissingAlternativeOrUserPropertiesConfigured.NameConfigured @ConditionalOnProperty (spring.security.user.name) did not find property 'name'; NestedCondition on UserDetailsServiceAutoConfiguration.MissingAlternativeOrUserPropertiesConfigured.MissingAlternative @ConditionalOnMissingClass did not find unwanted classes 'org.springframework.security.oauth2.client.registration.ClientRegistrationRepository', 'org.springframework.security.oauth2.server.resource.introspection.OpaqueTokenIntrospector', 'org.springframework.security.saml2.provider.service.registration.RelyingPartyRegistrationRepository' (UserDetailsServiceAutoConfiguration.MissingAlternativeOrUserPropertiesConfigured)

   WebClientAutoConfiguration:
      Did not match:
         - @ConditionalOnClass did not find required class 'org.springframework.web.reactive.function.client.WebClient' (OnClassCondition)

   WebFluxAutoConfiguration:
      Did not match:
         - @ConditionalOnClass did not find required class 'org.springframework.web.reactive.config.WebFluxConfigurer' (OnClassCondition)

   WebMvcAutoConfiguration#hiddenHttpMethodFilter:
      Did not match:
         - @ConditionalOnProperty (spring.mvc.hiddenmethod.filter.enabled) did not find property 'enabled' (OnPropertyCondition)

   WebMvcAutoConfiguration.ProblemDetailsErrorHandlingConfiguration:
      Did not match:
         - @ConditionalOnProperty (spring.mvc.problemdetails.enabled=true) did not find property 'enabled' (OnPropertyCondition)

   WebMvcAutoConfiguration.ResourceChainCustomizerConfiguration:
      Did not match:
         - @ConditionalOnEnabledResourceChain did not find class org.webjars.WebJarAssetLocator (OnEnabledResourceChainCondition)

   WebMvcAutoConfiguration.WebMvcAutoConfigurationAdapter#beanNameViewResolver:
      Did not match:
         - @ConditionalOnMissingBean (types: org.springframework.web.servlet.view.BeanNameViewResolver; SearchStrategy: all) found beans of type 'org.springframework.web.servlet.view.BeanNameViewResolver' beanNameViewResolver (OnBeanCondition)

   WebServiceTemplateAutoConfiguration:
      Did not match:
         - @ConditionalOnClass did not find required class 'org.springframework.oxm.Marshaller' (OnClassCondition)

   WebServicesAutoConfiguration:
      Did not match:
         - @ConditionalOnClass did not find required class 'org.springframework.ws.transport.http.MessageDispatcherServlet' (OnClassCondition)

   WebSessionIdResolverAutoConfiguration:
      Did not match:
         - @ConditionalOnClass did not find required class 'reactor.core.publisher.Mono' (OnClassCondition)

   WebSocketMessagingAutoConfiguration:
      Did not match:
         - @ConditionalOnClass did not find required class 'org.springframework.web.socket.config.annotation.WebSocketMessageBrokerConfigurer' (OnClassCondition)

   WebSocketReactiveAutoConfiguration:
      Did not match:
         - @ConditionalOnWebApplication did not find reactive web application classes (OnWebApplicationCondition)

   WebSocketServletAutoConfiguration.JettyWebSocketConfiguration:
      Did not match:
         - @ConditionalOnClass did not find required class 'org.eclipse.jetty.ee10.websocket.jakarta.server.config.JakartaWebSocketServletContainerInitializer' (OnClassCondition)

   WebSocketServletAutoConfiguration.UndertowWebSocketConfiguration:
      Did not match:
         - @ConditionalOnClass did not find required class 'io.undertow.websockets.jsr.Bootstrap' (OnClassCondition)

   XADataSourceAutoConfiguration:
      Did not match:
         - @ConditionalOnBean (types: org.springframework.boot.jdbc.XADataSourceWrapper; SearchStrategy: all) did not find any beans of type org.springframework.boot.jdbc.XADataSourceWrapper (OnBeanCondition)
      Matched:
         - @ConditionalOnClass found required classes 'javax.sql.DataSource', 'jakarta.transaction.TransactionManager', 'org.springframework.jdbc.datasource.embedded.EmbeddedDatabaseType' (OnClassCondition)


Exclusions:
-----------

    None


Unconditional classes:
----------------------

    org.springframework.boot.autoconfigure.context.ConfigurationPropertiesAutoConfiguration

    org.springframework.boot.autoconfigure.ssl.SslAutoConfiguration

    org.springframework.boot.autoconfigure.context.LifecycleAutoConfiguration

    org.springframework.boot.autoconfigure.context.PropertyPlaceholderAutoConfiguration

    org.springframework.boot.autoconfigure.availability.ApplicationAvailabilityAutoConfiguration

    org.springframework.boot.autoconfigure.info.ProjectInfoAutoConfiguration



2024-11-08T16:45:02.956-06:00  INFO 8028 --- [ezcontract] [           main] c.d.e.EzcontractApplicationTests         : Started EzcontractApplicationTests in 6.808 seconds (process running for 7.579)
2024-11-08T16:45:02.958-06:00 DEBUG 8028 --- [ezcontract] [           main] o.s.b.a.ApplicationAvailabilityBean      : Application availability state LivenessState changed to CORRECT
2024-11-08T16:45:02.967-06:00 DEBUG 8028 --- [ezcontract] [           main] tor$SharedEntityManagerInvocationHandler : Creating new EntityManager for shared EntityManager invocation
2024-11-08T16:45:03.085-06:00 DEBUG 8028 --- [ezcontract] [           main] org.hibernate.SQL                        : select r1_0.role_id,r1_0.role_name from roles r1_0 where r1_0.role_name=?
Hibernate: select r1_0.role_id,r1_0.role_name from roles r1_0 where r1_0.role_name=?
2024-11-08T16:45:03.262-06:00 DEBUG 8028 --- [ezcontract] [           main] tor$SharedEntityManagerInvocationHandler : Creating new EntityManager for shared EntityManager invocation
2024-11-08T16:45:03.263-06:00 DEBUG 8028 --- [ezcontract] [           main] org.hibernate.SQL                        : select r1_0.role_id,r1_0.role_name from roles r1_0 where r1_0.role_name=?
Hibernate: select r1_0.role_id,r1_0.role_name from roles r1_0 where r1_0.role_name=?
2024-11-08T16:45:03.348-06:00 DEBUG 8028 --- [ezcontract] [           main] tor$SharedEntityManagerInvocationHandler : Creating new EntityManager for shared EntityManager invocation
2024-11-08T16:45:03.350-06:00 DEBUG 8028 --- [ezcontract] [           main] org.hibernate.SQL                        : select u1_0.user_id from users u1_0 where u1_0.email=? limit ?
Hibernate: select u1_0.user_id from users u1_0 where u1_0.email=? limit ?
2024-11-08T16:45:03.433-06:00 DEBUG 8028 --- [ezcontract] [           main] tor$SharedEntityManagerInvocationHandler : Creating new EntityManager for shared EntityManager invocation
2024-11-08T16:45:03.434-06:00 DEBUG 8028 --- [ezcontract] [           main] org.hibernate.SQL                        : select u1_0.user_id from users u1_0 where u1_0.email=? limit ?
Hibernate: select u1_0.user_id from users u1_0 where u1_0.email=? limit ?
2024-11-08T16:45:03.519-06:00 DEBUG 8028 --- [ezcontract] [           main] tor$SharedEntityManagerInvocationHandler : Creating new EntityManager for shared EntityManager invocation
2024-11-08T16:45:03.526-06:00 DEBUG 8028 --- [ezcontract] [           main] org.hibernate.SQL                        : select u1_0.user_id,u1_0.email,u1_0.fullname,u1_0.password from users u1_0 where u1_0.email=?
Hibernate: select u1_0.user_id,u1_0.email,u1_0.fullname,u1_0.password from users u1_0 where u1_0.email=?
2024-11-08T16:45:03.618-06:00 DEBUG 8028 --- [ezcontract] [           main] org.hibernate.SQL                        : select r1_0.user_id,r1_1.role_id,r1_1.role_name from user_role r1_0 join roles r1_1 on r1_1.role_id=r1_0.role_id where r1_0.user_id=?
Hibernate: select r1_0.user_id,r1_1.role_id,r1_1.role_name from user_role r1_0 join roles r1_1 on r1_1.role_id=r1_0.role_id where r1_0.user_id=?
2024-11-08T16:45:03.713-06:00 DEBUG 8028 --- [ezcontract] [           main] o.s.orm.jpa.JpaTransactionManager        : Creating new transaction with name [org.springframework.data.jpa.repository.support.SimpleJpaRepository.save]: PROPAGATION_REQUIRED,ISOLATION_DEFAULT
2024-11-08T16:45:03.714-06:00 DEBUG 8028 --- [ezcontract] [           main] o.s.orm.jpa.JpaTransactionManager        : Opened new EntityManager [SessionImpl(1527864689<open>)] for JPA transaction
2024-11-08T16:45:03.803-06:00 DEBUG 8028 --- [ezcontract] [           main] o.s.orm.jpa.JpaTransactionManager        : Exposing JPA transaction as JDBC [org.springframework.orm.jpa.vendor.HibernateJpaDialect$HibernateConnectionHandle@5973d3ec]
2024-11-08T16:45:03.812-06:00 DEBUG 8028 --- [ezcontract] [           main] org.hibernate.SQL                        : select u1_0.user_id,u1_0.email,u1_0.fullname,u1_0.password,r1_0.user_id,r1_1.role_id,r1_1.role_name from users u1_0 left join user_role r1_0 on u1_0.user_id=r1_0.user_id left join roles r1_1 on r1_1.role_id=r1_0.role_id where u1_0.user_id=?
Hibernate: select u1_0.user_id,u1_0.email,u1_0.fullname,u1_0.password,r1_0.user_id,r1_1.role_id,r1_1.role_name from users u1_0 left join user_role r1_0 on u1_0.user_id=r1_0.user_id left join roles r1_1 on r1_1.role_id=r1_0.role_id where u1_0.user_id=?
2024-11-08T16:45:03.899-06:00 DEBUG 8028 --- [ezcontract] [           main] o.s.orm.jpa.JpaTransactionManager        : Initiating transaction commit
2024-11-08T16:45:03.899-06:00 DEBUG 8028 --- [ezcontract] [           main] o.s.orm.jpa.JpaTransactionManager        : Committing JPA transaction on EntityManager [SessionImpl(1527864689<open>)]
2024-11-08T16:45:04.074-06:00 DEBUG 8028 --- [ezcontract] [           main] o.s.orm.jpa.JpaTransactionManager        : Closing JPA EntityManager [SessionImpl(1527864689<open>)] after transaction
2024-11-08T16:45:04.074-06:00 DEBUG 8028 --- [ezcontract] [           main] tor$SharedEntityManagerInvocationHandler : Creating new EntityManager for shared EntityManager invocation
2024-11-08T16:45:04.077-06:00 DEBUG 8028 --- [ezcontract] [           main] org.hibernate.SQL                        : select u1_0.user_id,u1_0.email,u1_0.fullname,u1_0.password from users u1_0 where u1_0.email=?
Hibernate: select u1_0.user_id,u1_0.email,u1_0.fullname,u1_0.password from users u1_0 where u1_0.email=?
2024-11-08T16:45:04.158-06:00 DEBUG 8028 --- [ezcontract] [           main] org.hibernate.SQL                        : select r1_0.user_id,r1_1.role_id,r1_1.role_name from user_role r1_0 join roles r1_1 on r1_1.role_id=r1_0.role_id where r1_0.user_id=?
Hibernate: select r1_0.user_id,r1_1.role_id,r1_1.role_name from user_role r1_0 join roles r1_1 on r1_1.role_id=r1_0.role_id where r1_0.user_id=?
2024-11-08T16:45:04.244-06:00 DEBUG 8028 --- [ezcontract] [           main] o.s.orm.jpa.JpaTransactionManager        : Creating new transaction with name [org.springframework.data.jpa.repository.support.SimpleJpaRepository.save]: PROPAGATION_REQUIRED,ISOLATION_DEFAULT
2024-11-08T16:45:04.244-06:00 DEBUG 8028 --- [ezcontract] [           main] o.s.orm.jpa.JpaTransactionManager        : Opened new EntityManager [SessionImpl(90005627<open>)] for JPA transaction
2024-11-08T16:45:04.328-06:00 DEBUG 8028 --- [ezcontract] [           main] o.s.orm.jpa.JpaTransactionManager        : Exposing JPA transaction as JDBC [org.springframework.orm.jpa.vendor.HibernateJpaDialect$HibernateConnectionHandle@4a544672]
2024-11-08T16:45:04.328-06:00 DEBUG 8028 --- [ezcontract] [           main] org.hibernate.SQL                        : select u1_0.user_id,u1_0.email,u1_0.fullname,u1_0.password,r1_0.user_id,r1_1.role_id,r1_1.role_name from users u1_0 left join user_role r1_0 on u1_0.user_id=r1_0.user_id left join roles r1_1 on r1_1.role_id=r1_0.role_id where u1_0.user_id=?
Hibernate: select u1_0.user_id,u1_0.email,u1_0.fullname,u1_0.password,r1_0.user_id,r1_1.role_id,r1_1.role_name from users u1_0 left join user_role r1_0 on u1_0.user_id=r1_0.user_id left join roles r1_1 on r1_1.role_id=r1_0.role_id where u1_0.user_id=?
2024-11-08T16:45:04.416-06:00 DEBUG 8028 --- [ezcontract] [           main] o.s.orm.jpa.JpaTransactionManager        : Initiating transaction commit
2024-11-08T16:45:04.416-06:00 DEBUG 8028 --- [ezcontract] [           main] o.s.orm.jpa.JpaTransactionManager        : Committing JPA transaction on EntityManager [SessionImpl(90005627<open>)]
2024-11-08T16:45:04.577-06:00 DEBUG 8028 --- [ezcontract] [           main] o.s.orm.jpa.JpaTransactionManager        : Closing JPA EntityManager [SessionImpl(90005627<open>)] after transaction
2024-11-08T16:45:04.577-06:00 DEBUG 8028 --- [ezcontract] [           main] o.s.boot.devtools.restart.Restarter      : Creating new Restarter for thread Thread[main,5,main]
2024-11-08T16:45:04.577-06:00 DEBUG 8028 --- [ezcontract] [           main] o.s.b.a.ApplicationAvailabilityBean      : Application availability state ReadinessState changed to ACCEPTING_TRAFFIC
2024-11-08T16:45:04.579-06:00 DEBUG 8028 --- [ezcontract] [           main] org.springframework.test.context.cache   : Spring test ApplicationContext cache statistics: [DefaultContextCache@3d5211ee size = 1, maxSize = 32, parentContextCount = 0, hitCount = 0, missCount = 1, failureCount = 0]
2024-11-08T16:45:04.579-06:00 DEBUG 8028 --- [ezcontract] [           main] o.s.t.c.w.ServletTestExecutionListener   : Setting up MockHttpServletRequest, MockHttpServletResponse, ServletWebRequest, and RequestContextHolder for test class com.ds.ezcontract.EzcontractApplicationTests
2024-11-08T16:45:04.588-06:00 DEBUG 8028 --- [ezcontract] [           main] DependencyInjectionTestExecutionListener : Performing dependency injection for test class com.ds.ezcontract.EzcontractApplicationTests
2024-11-08T16:45:04.588-06:00 DEBUG 8028 --- [ezcontract] [           main] org.springframework.test.context.cache   : Spring test ApplicationContext cache statistics: [DefaultContextCache@3d5211ee size = 1, maxSize = 32, parentContextCount = 0, hitCount = 1, missCount = 1, failureCount = 0]
2024-11-08T16:45:04.589-06:00 DEBUG 8028 --- [ezcontract] [           main] org.springframework.test.context.cache   : Spring test ApplicationContext cache statistics: [DefaultContextCache@3d5211ee size = 1, maxSize = 32, parentContextCount = 0, hitCount = 2, missCount = 1, failureCount = 0]
2024-11-08T16:45:04.592-06:00 DEBUG 8028 --- [ezcontract] [           main] sContextBeforeModesTestExecutionListener : Before test method: class [EzcontractApplicationTests], method [contextLoads], class annotated with @DirtiesContext [false] with mode [null], method annotated with @DirtiesContext [false] with mode [null]
2024-11-08T16:45:04.594-06:00 DEBUG 8028 --- [ezcontract] [           main] org.springframework.test.context.cache   : Spring test ApplicationContext cache statistics: [DefaultContextCache@3d5211ee size = 1, maxSize = 32, parentContextCount = 0, hitCount = 3, missCount = 1, failureCount = 0]
2024-11-08T16:45:04.594-06:00 DEBUG 8028 --- [ezcontract] [           main] org.springframework.test.context.cache   : Spring test ApplicationContext cache statistics: [DefaultContextCache@3d5211ee size = 1, maxSize = 32, parentContextCount = 0, hitCount = 4, missCount = 1, failureCount = 0]
2024-11-08T16:45:04.898-06:00 DEBUG 8028 --- [ezcontract] [           main] org.springframework.test.context.cache   : Spring test ApplicationContext cache statistics: [DefaultContextCache@3d5211ee size = 1, maxSize = 32, parentContextCount = 0, hitCount = 5, missCount = 1, failureCount = 0]
2024-11-08T16:45:04.902-06:00 DEBUG 8028 --- [ezcontract] [           main] org.springframework.test.context.cache   : Spring test ApplicationContext cache statistics: [DefaultContextCache@3d5211ee size = 1, maxSize = 32, parentContextCount = 0, hitCount = 6, missCount = 1, failureCount = 0]
2024-11-08T16:45:04.903-06:00 DEBUG 8028 --- [ezcontract] [           main] org.springframework.test.context.cache   : Spring test ApplicationContext cache statistics: [DefaultContextCache@3d5211ee size = 1, maxSize = 32, parentContextCount = 0, hitCount = 7, missCount = 1, failureCount = 0]
2024-11-08T16:45:04.903-06:00 DEBUG 8028 --- [ezcontract] [           main] org.springframework.test.context.cache   : Spring test ApplicationContext cache statistics: [DefaultContextCache@3d5211ee size = 1, maxSize = 32, parentContextCount = 0, hitCount = 8, missCount = 1, failureCount = 0]
2024-11-08T16:45:04.904-06:00 DEBUG 8028 --- [ezcontract] [           main] org.springframework.test.context.cache   : Spring test ApplicationContext cache statistics: [DefaultContextCache@3d5211ee size = 1, maxSize = 32, parentContextCount = 0, hitCount = 9, missCount = 1, failureCount = 0]
2024-11-08T16:45:04.904-06:00 DEBUG 8028 --- [ezcontract] [           main] org.springframework.test.context.cache   : Spring test ApplicationContext cache statistics: [DefaultContextCache@3d5211ee size = 1, maxSize = 32, parentContextCount = 0, hitCount = 10, missCount = 1, failureCount = 0]
2024-11-08T16:45:04.905-06:00 DEBUG 8028 --- [ezcontract] [           main] org.springframework.test.context.cache   : Spring test ApplicationContext cache statistics: [DefaultContextCache@3d5211ee size = 1, maxSize = 32, parentContextCount = 0, hitCount = 11, missCount = 1, failureCount = 0]
2024-11-08T16:45:04.906-06:00 DEBUG 8028 --- [ezcontract] [           main] org.springframework.test.context.cache   : Spring test ApplicationContext cache statistics: [DefaultContextCache@3d5211ee size = 1, maxSize = 32, parentContextCount = 0, hitCount = 12, missCount = 1, failureCount = 0]
2024-11-08T16:45:04.907-06:00 DEBUG 8028 --- [ezcontract] [           main] .c.s.DirtiesContextTestExecutionListener : After test method: class [EzcontractApplicationTests], method [contextLoads], class annotated with @DirtiesContext [false] with mode [null], method annotated with @DirtiesContext [false] with mode [null]
2024-11-08T16:45:04.907-06:00 DEBUG 8028 --- [ezcontract] [           main] o.s.t.c.w.ServletTestExecutionListener   : Resetting RequestContextHolder for test class com.ds.ezcontract.EzcontractApplicationTests
]]></system-out>
  </testcase>
</testsuite>